#
# There is insufficient memory for the Java Runtime Environment to continue.
# Native memory allocation (mmap) failed to map 51380224 bytes for committing reserved memory.
# Possible reasons:
#   The system is out of physical RAM or swap space
#   In 32 bit mode, the process size limit was hit
# Possible solutions:
#   Reduce memory load on the system
#   Increase physical memory or swap space
#   Check if swap backing store is full
#   Use 64 bit Java on a 64 bit OS
#   Decrease Java heap size (-Xmx/-Xms)
#   Decrease number of Java threads
#   Decrease Java thread stack sizes (-Xss)
#   Set larger code cache with -XX:ReservedCodeCacheSize=
# This output file may be truncated or incomplete.
#
#  Out of Memory Error (os_linux.cpp:2640), pid=8513, tid=0x00007fcdec49a700
#
# JRE version: OpenJDK Runtime Environment (8.0_152-b06) (build 1.8.0_152-release-1136-b06)
# Java VM: OpenJDK 64-Bit Server VM (25.152-b06 mixed mode linux-amd64 compressed oops)
# Failed to write core dump. Core dumps have been disabled. To enable core dumping, try "ulimit -c unlimited" before starting Java again
#

---------------  T H R E A D  ---------------

Current thread (0x00007fcde807a000):  VMThread [stack: 0x00007fcdec39b000,0x00007fcdec49b000] [id=8520]

Stack: [0x00007fcdec39b000,0x00007fcdec49b000],  sp=0x00007fcdec499520,  free space=1017k
Native frames: (J=compiled Java code, j=interpreted, Vv=VM code, C=native code)
V  [libjvm.so+0xa70d3f]  VMError::report_and_die()+0x2af
V  [libjvm.so+0x4c7207]  report_vm_out_of_memory(char const*, int, unsigned long, VMErrorType, char const*)+0x67
V  [libjvm.so+0x8b5b70]  os::pd_commit_memory(char*, unsigned long, unsigned long, bool)+0x100
V  [libjvm.so+0x8b078f]  os::commit_memory(char*, unsigned long, unsigned long, bool)+0x1f
V  [libjvm.so+0x92e446]  PSVirtualSpace::expand_by(unsigned long)+0x56
V  [libjvm.so+0x92f6d8]  PSYoungGen::resize(unsigned long, unsigned long)+0xd8
V  [libjvm.so+0x92be66]  PSScavenge::invoke_no_policy()+0x1356
V  [libjvm.so+0x92c20c]  PSScavenge::invoke()+0x4c
V  [libjvm.so+0x8dbda8]  ParallelScavengeHeap::failed_mem_allocate(unsigned long)+0x68
V  [libjvm.so+0xa72873]  VM_ParallelGCFailedAllocation::doit()+0x93
V  [libjvm.so+0xa778a6]  VM_Operation::evaluate()+0x46
V  [libjvm.so+0xa75102]  VMThread::evaluate_operation(VM_Operation*) [clone .constprop.31]+0xa2
V  [libjvm.so+0xa7652b]  VMThread::loop()+0x37b
V  [libjvm.so+0xa768d8]  VMThread::run()+0x78
V  [libjvm.so+0x8b3332]  java_start(Thread*)+0x102

VM_Operation (0x00007fcdd02f5970): ParallelGCFailedAllocation, mode: safepoint, requested by thread 0x00007fcd94001800


---------------  P R O C E S S  ---------------

Java Threads: ( => current thread )
  0x00007fcd8803f800 JavaThread "RMI RenewClean-[127.0.0.1:45821,org.jetbrains.kotlin.daemon.common.LoopbackNetworkInterface$ClientLoopbackSocketFactory@1d2c86f2]" daemon [_thread_blocked, id=17468, stack(0x00007fcdd04fd000,0x00007fcdd05fe000)]
  0x00007fcd94001800 JavaThread "RMI TCP Connection(50)-127.0.0.1" daemon [_thread_blocked, id=17467, stack(0x00007fcdd01fa000,0x00007fcdd02fb000)]
  0x00007fcd94003000 JavaThread "RMI TCP Connection(49)-127.0.0.1" daemon [_thread_in_native, id=17465, stack(0x00007fcdcbbfe000,0x00007fcdcbcff000)]
  0x00007fcd74003000 JavaThread "RMI RenewClean-[127.0.0.1:45821,org.jetbrains.kotlin.daemon.common.LoopbackNetworkInterface$ClientLoopbackSocketFactory@5a422c06]" daemon [_thread_blocked, id=16540, stack(0x00007fcdcbcff000,0x00007fcdcbe00000)]
  0x00007fcd88049800 JavaThread "RMI RenewClean-[127.0.0.1:45821,org.jetbrains.kotlin.daemon.common.LoopbackNetworkInterface$ClientLoopbackSocketFactory@52e6ef43]" daemon [_thread_blocked, id=16344, stack(0x00007fcdc99dc000,0x00007fcdc9add000)]
  0x00007fcd805e9800 JavaThread "RMI RenewClean-[127.0.0.1:45821,org.jetbrains.kotlin.daemon.common.LoopbackNetworkInterface$ClientLoopbackSocketFactory@6ccc193a]" daemon [_thread_blocked, id=16091, stack(0x00007fcdcaafd000,0x00007fcdcabfe000)]
  0x00007fcd88011800 JavaThread "RMI Scheduler(0)" daemon [_thread_blocked, id=8535, stack(0x00007fcdd00f9000,0x00007fcdd01fa000)]
  0x00007fcde800c800 JavaThread "DestroyJavaVM" [_thread_blocked, id=8515, stack(0x00007fcdf1d3e000,0x00007fcdf1e3e000)]
  0x00007fcde836b800 JavaThread "GC Daemon" daemon [_thread_blocked, id=8533, stack(0x00007fcdd02fb000,0x00007fcdd03fc000)]
  0x00007fcde8364800 JavaThread "RMI Reaper" [_thread_blocked, id=8532, stack(0x00007fcdd03fc000,0x00007fcdd04fd000)]
  0x00007fcde835a000 JavaThread "Timer-0" daemon [_thread_blocked, id=8530, stack(0x00007fcdd05fe000,0x00007fcdd06ff000)]
  0x00007fcde8356000 JavaThread "RMI TCP Accept-17599" daemon [_thread_in_native, id=8529, stack(0x00007fcdd06ff000,0x00007fcdd0800000)]
  0x00007fcde80cb800 JavaThread "Service Thread" daemon [_thread_blocked, id=8527, stack(0x00007fcdd822d000,0x00007fcdd832e000)]
  0x00007fcde80c0000 JavaThread "C1 CompilerThread2" daemon [_thread_blocked, id=8526, stack(0x00007fcdd832f000,0x00007fcdd842f000)]
  0x00007fcde80be800 JavaThread "C2 CompilerThread1" daemon [_thread_blocked, id=8525, stack(0x00007fcdd8430000,0x00007fcdd8530000)]
  0x00007fcde80bb800 JavaThread "C2 CompilerThread0" daemon [_thread_blocked, id=8524, stack(0x00007fcdd8531000,0x00007fcdd8631000)]
  0x00007fcde80ba000 JavaThread "Signal Dispatcher" daemon [_thread_blocked, id=8523, stack(0x00007fcdec097000,0x00007fcdec198000)]
  0x00007fcde8086800 JavaThread "Finalizer" daemon [_thread_blocked, id=8522, stack(0x00007fcdec198000,0x00007fcdec299000)]
  0x00007fcde8082000 JavaThread "Reference Handler" daemon [_thread_blocked, id=8521, stack(0x00007fcdec299000,0x00007fcdec39a000)]

Other Threads:
=>0x00007fcde807a000 VMThread [stack: 0x00007fcdec39b000,0x00007fcdec49b000] [id=8520]
  0x00007fcde80ce000 WatcherThread [stack: 0x00007fcdd812d000,0x00007fcdd822d000] [id=8528]

VM state:at safepoint (normal execution)

VM Mutex/Monitor currently owned by a thread:  ([mutex/lock_event])
[0x00007fcde8008fe0] Threads_lock - owner thread: 0x00007fcde807a000
[0x00007fcde80094e0] Heap_lock - owner thread: 0x00007fcd94001800

Heap:
 PSYoungGen      total 314368K, used 24135K [0x00000000e0000000, 0x00000000f9380000, 0x0000000100000000)
  eden space 224768K, 0% used [0x00000000e0000000,0x00000000e0000000,0x00000000edb80000)
  from space 89600K, 26% used [0x00000000edb80000,0x00000000ef311f98,0x00000000f3300000)
  to   space 80384K, 0% used [0x00000000f3300000,0x00000000f3300000,0x00000000f8180000)
 ParOldGen       total 102912K, used 23490K [0x00000000a0000000, 0x00000000a6480000, 0x00000000e0000000)
  object space 102912K, 22% used [0x00000000a0000000,0x00000000a16f09a8,0x00000000a6480000)
 Metaspace       used 50917K, capacity 52064K, committed 53376K, reserved 1095680K
  class space    used 5855K, capacity 6105K, committed 6528K, reserved 1048576K

Card table byte_map: [0x00007fcdee7a5000,0x00007fcdeeaa6000] byte_map_base: 0x00007fcdee2a5000

Marking Bits: (ParMarkBitMap*) 0x00007fcdf11e7160
 Begin Bits: [0x00007fcdd1000000, 0x00007fcdd2800000)
 End Bits:   [0x00007fcdd2800000, 0x00007fcdd4000000)

Polling page: 0x00007fcdf1e54000

CodeCache: size=245760Kb used=30205Kb max_used=30608Kb free=215554Kb
 bounds [0x00007fcdd9000000, 0x00007fcddae60000, 0x00007fcde8000000]
 total_blobs=9730 nmethods=9235 adapters=406
 compilation: enabled

Compilation events (10 events):
Event: 9852.731 Thread 0x00007fcde80bb800 11942       4       org.jetbrains.kotlin.com.intellij.lang.java.parser.DeclarationParser::parseClassBodyDeclarations (193 bytes)
Event: 9852.733 Thread 0x00007fcde80be800 11943       4       org.jetbrains.kotlin.com.intellij.lang.java.parser.ExpressionParser$$Lambda$208/1899752322::fun (12 bytes)
Event: 9852.735 Thread 0x00007fcde80be800 nmethod 11943 0x00007fcdda1c0f10 code [0x00007fcdda1c1080, 0x00007fcdda1c1188]
Event: 9852.739 Thread 0x00007fcde80bb800 nmethod 11942 0x00007fcdd9ef2710 code [0x00007fcdd9ef2960, 0x00007fcdd9ef30e0]
Event: 9852.758 Thread 0x00007fcde80be800 11944       4       org.jetbrains.kotlin.com.intellij.psi.PsiInvalidElementAccessException::isTrackingInvalidation (7 bytes)
Event: 9852.759 Thread 0x00007fcde80bb800 11945       4       org.jetbrains.kotlin.com.intellij.lang.impl.PsiBuilderAdapter::getTokenType (10 bytes)
Event: 9852.764 Thread 0x00007fcde80c0000 11946       3       org.jetbrains.kotlin.com.intellij.lang.impl.TokenSequence$Builder::resizeLexemes (31 bytes)
Event: 9852.764 Thread 0x00007fcde80c0000 nmethod 11946 0x00007fcddaca8d10 code [0x00007fcddaca8ea0, 0x00007fcddaca91b8]
Event: 9852.765 Thread 0x00007fcde80bb800 nmethod 11945 0x00007fcdd9408f90 code [0x00007fcdd94091c0, 0x00007fcdd94097c0]
Event: 9852.773 Thread 0x00007fcde80be800 nmethod 11944 0x00007fcddab07a50 code [0x00007fcddab07c40, 0x00007fcddab08468]

GC Heap History (10 events):
Event: 7593.183 GC heap after
Heap after GC invocations=21 (full 4):
 PSYoungGen      total 177152K, used 37882K [0x00000000e0000000, 0x00000000f2380000, 0x0000000100000000)
  eden space 139264K, 0% used [0x00000000e0000000,0x00000000e0000000,0x00000000e8800000)
  from space 37888K, 99% used [0x00000000e8800000,0x00000000eacfebf0,0x00000000ead00000)
  to   space 48640K, 0% used [0x00000000ef400000,0x00000000ef400000,0x00000000f2380000)
 ParOldGen       total 102912K, used 29767K [0x00000000a0000000, 0x00000000a6480000, 0x00000000e0000000)
  object space 102912K, 28% used [0x00000000a0000000,0x00000000a1d11fc8,0x00000000a6480000)
 Metaspace       used 49675K, capacity 50674K, committed 53120K, reserved 1095680K
  class space    used 5770K, capacity 5990K, committed 6528K, reserved 1048576K
}
Event: 7724.490 GC heap before
{Heap before GC invocations=22 (full 4):
 PSYoungGen      total 177152K, used 177146K [0x00000000e0000000, 0x00000000f2380000, 0x0000000100000000)
  eden space 139264K, 100% used [0x00000000e0000000,0x00000000e8800000,0x00000000e8800000)
  from space 37888K, 99% used [0x00000000e8800000,0x00000000eacfebf0,0x00000000ead00000)
  to   space 48640K, 0% used [0x00000000ef400000,0x00000000ef400000,0x00000000f2380000)
 ParOldGen       total 102912K, used 29767K [0x00000000a0000000, 0x00000000a6480000, 0x00000000e0000000)
  object space 102912K, 28% used [0x00000000a0000000,0x00000000a1d11fc8,0x00000000a6480000)
 Metaspace       used 50102K, capacity 51156K, committed 53120K, reserved 1095680K
  class space    used 5800K, capacity 6063K, committed 6528K, reserved 1048576K
Event: 7724.784 GC heap after
Heap after GC invocations=22 (full 4):
 PSYoungGen      total 225792K, used 48626K [0x00000000e0000000, 0x00000000f2400000, 0x0000000100000000)
  eden space 177152K, 0% used [0x00000000e0000000,0x00000000e0000000,0x00000000ead00000)
  from space 48640K, 99% used [0x00000000ef400000,0x00000000f237ca88,0x00000000f2380000)
  to   space 60928K, 0% used [0x00000000ead00000,0x00000000ead00000,0x00000000ee880000)
 ParOldGen       total 102912K, used 41059K [0x00000000a0000000, 0x00000000a6480000, 0x00000000e0000000)
  object space 102912K, 39% used [0x00000000a0000000,0x00000000a2818ea8,0x00000000a6480000)
 Metaspace       used 50102K, capacity 51156K, committed 53120K, reserved 1095680K
  class space    used 5800K, capacity 6063K, committed 6528K, reserved 1048576K
}
Event: 7726.001 GC heap before
{Heap before GC invocations=23 (full 4):
 PSYoungGen      total 225792K, used 225778K [0x00000000e0000000, 0x00000000f2400000, 0x0000000100000000)
  eden space 177152K, 100% used [0x00000000e0000000,0x00000000ead00000,0x00000000ead00000)
  from space 48640K, 99% used [0x00000000ef400000,0x00000000f237ca88,0x00000000f2380000)
  to   space 60928K, 0% used [0x00000000ead00000,0x00000000ead00000,0x00000000ee880000)
 ParOldGen       total 102912K, used 41059K [0x00000000a0000000, 0x00000000a6480000, 0x00000000e0000000)
  object space 102912K, 39% used [0x00000000a0000000,0x00000000a2818ea8,0x00000000a6480000)
 Metaspace       used 50329K, capacity 51412K, committed 53120K, reserved 1095680K
  class space    used 5820K, capacity 6063K, committed 6528K, reserved 1048576K
Event: 7726.310 GC heap after
Heap after GC invocations=23 (full 4):
 PSYoungGen      total 238080K, used 60897K [0x00000000e0000000, 0x00000000f8180000, 0x0000000100000000)
  eden space 177152K, 0% used [0x00000000e0000000,0x00000000e0000000,0x00000000ead00000)
  from space 60928K, 99% used [0x00000000ead00000,0x00000000ee878748,0x00000000ee880000)
  to   space 80384K, 0% used [0x00000000f3300000,0x00000000f3300000,0x00000000f8180000)
 ParOldGen       total 102912K, used 67320K [0x00000000a0000000, 0x00000000a6480000, 0x00000000e0000000)
  object space 102912K, 65% used [0x00000000a0000000,0x00000000a41be1c0,0x00000000a6480000)
 Metaspace       used 50329K, capacity 51412K, committed 53120K, reserved 1095680K
  class space    used 5820K, capacity 6063K, committed 6528K, reserved 1048576K
}
Event: 8081.074 GC heap before
{Heap before GC invocations=24 (full 4):
 PSYoungGen      total 238080K, used 140932K [0x00000000e0000000, 0x00000000f8180000, 0x0000000100000000)
  eden space 177152K, 45% used [0x00000000e0000000,0x00000000e4e28ab8,0x00000000ead00000)
  from space 60928K, 99% used [0x00000000ead00000,0x00000000ee878748,0x00000000ee880000)
  to   space 80384K, 0% used [0x00000000f3300000,0x00000000f3300000,0x00000000f8180000)
 ParOldGen       total 102912K, used 67320K [0x00000000a0000000, 0x00000000a6480000, 0x00000000e0000000)
  object space 102912K, 65% used [0x00000000a0000000,0x00000000a41be1c0,0x00000000a6480000)
 Metaspace       used 50450K, capacity 51546K, committed 53120K, reserved 1095680K
  class space    used 5822K, capacity 6064K, committed 6528K, reserved 1048576K
Event: 8081.153 GC heap after
Heap after GC invocations=24 (full 4):
 PSYoungGen      total 305152K, used 68372K [0x00000000e0000000, 0x00000000f9380000, 0x0000000100000000)
  eden space 224768K, 0% used [0x00000000e0000000,0x00000000e0000000,0x00000000edb80000)
  from space 80384K, 85% used [0x00000000f3300000,0x00000000f75c5310,0x00000000f8180000)
  to   space 89600K, 0% used [0x00000000edb80000,0x00000000edb80000,0x00000000f3300000)
 ParOldGen       total 102912K, used 67328K [0x00000000a0000000, 0x00000000a6480000, 0x00000000e0000000)
  object space 102912K, 65% used [0x00000000a0000000,0x00000000a41c01c0,0x00000000a6480000)
 Metaspace       used 50450K, capacity 51546K, committed 53120K, reserved 1095680K
  class space    used 5822K, capacity 6064K, committed 6528K, reserved 1048576K
}
Event: 8081.153 GC heap before
{Heap before GC invocations=25 (full 5):
 PSYoungGen      total 305152K, used 68372K [0x00000000e0000000, 0x00000000f9380000, 0x0000000100000000)
  eden space 224768K, 0% used [0x00000000e0000000,0x00000000e0000000,0x00000000edb80000)
  from space 80384K, 85% used [0x00000000f3300000,0x00000000f75c5310,0x00000000f8180000)
  to   space 89600K, 0% used [0x00000000edb80000,0x00000000edb80000,0x00000000f3300000)
 ParOldGen       total 102912K, used 67328K [0x00000000a0000000, 0x00000000a6480000, 0x00000000e0000000)
  object space 102912K, 65% used [0x00000000a0000000,0x00000000a41c01c0,0x00000000a6480000)
 Metaspace       used 50450K, capacity 51546K, committed 53120K, reserved 1095680K
  class space    used 5822K, capacity 6064K, committed 6528K, reserved 1048576K
Event: 8082.049 GC heap after
Heap after GC invocations=25 (full 5):
 PSYoungGen      total 305152K, used 0K [0x00000000e0000000, 0x00000000f9380000, 0x0000000100000000)
  eden space 224768K, 0% used [0x00000000e0000000,0x00000000e0000000,0x00000000edb80000)
  from space 80384K, 0% used [0x00000000f3300000,0x00000000f3300000,0x00000000f8180000)
  to   space 89600K, 0% used [0x00000000edb80000,0x00000000edb80000,0x00000000f3300000)
 ParOldGen       total 102912K, used 23482K [0x00000000a0000000, 0x00000000a6480000, 0x00000000e0000000)
  object space 102912K, 22% used [0x00000000a0000000,0x00000000a16ee9a8,0x00000000a6480000)
 Metaspace       used 50171K, capacity 51186K, committed 53120K, reserved 1095680K
  class space    used 5784K, capacity 6016K, committed 6528K, reserved 1048576K
}
Event: 9852.786 GC heap before
{Heap before GC invocations=26 (full 5):
 PSYoungGen      total 305152K, used 224209K [0x00000000e0000000, 0x00000000f9380000, 0x0000000100000000)
  eden space 224768K, 99% used [0x00000000e0000000,0x00000000edaf45d0,0x00000000edb80000)
  from space 80384K, 0% used [0x00000000f3300000,0x00000000f3300000,0x00000000f8180000)
  to   space 89600K, 0% used [0x00000000edb80000,0x00000000edb80000,0x00000000f3300000)
 ParOldGen       total 102912K, used 23482K [0x00000000a0000000, 0x00000000a6480000, 0x00000000e0000000)
  object space 102912K, 22% used [0x00000000a0000000,0x00000000a16ee9a8,0x00000000a6480000)
 Metaspace       used 50917K, capacity 52064K, committed 53376K, reserved 1095680K
  class space    used 5855K, capacity 6105K, committed 6528K, reserved 1048576K

Deoptimization events (10 events):
Event: 8208.317 Thread 0x00007fcd94006000 Uncommon trap: reason=class_check action=maybe_recompile pc=0x00007fcdd9fbad90 method=org.jetbrains.kotlin.com.intellij.psi.impl.PsiImplUtil.findAnnotation(Lorg/jetbrains/kotlin/com/intellij/psi/PsiAnnotationOwner;Ljava/lang/String;)Lorg/jetbrains/kotlin/
Event: 8208.318 Thread 0x00007fcd94006000 Uncommon trap: reason=unstable_if action=reinterpret pc=0x00007fcdd9fbada4 method=org.jetbrains.kotlin.com.intellij.psi.impl.PsiImplUtil.findAnnotation(Lorg/jetbrains/kotlin/com/intellij/psi/PsiAnnotationOwner;Ljava/lang/String;)Lorg/jetbrains/kotlin/com/
Event: 8208.370 Thread 0x00007fcd94006000 Uncommon trap: reason=bimorphic action=maybe_recompile pc=0x00007fcdd9d9f6ec method=org.jetbrains.kotlin.load.java.lazy.descriptors.LazyJavaStaticClassScope$computeMemberIndex$1.invoke(Lorg/jetbrains/kotlin/load/java/structure/JavaMember;)Z @ 7
Event: 8208.370 Thread 0x00007fcd94006000 Uncommon trap: reason=bimorphic action=maybe_recompile pc=0x00007fcdd9d9f6ec method=org.jetbrains.kotlin.load.java.lazy.descriptors.LazyJavaStaticClassScope$computeMemberIndex$1.invoke(Lorg/jetbrains/kotlin/load/java/structure/JavaMember;)Z @ 7
Event: 8208.370 Thread 0x00007fcd94006000 Uncommon trap: reason=bimorphic action=maybe_recompile pc=0x00007fcdd9d9f6ec method=org.jetbrains.kotlin.load.java.lazy.descriptors.LazyJavaStaticClassScope$computeMemberIndex$1.invoke(Lorg/jetbrains/kotlin/load/java/structure/JavaMember;)Z @ 7
Event: 8208.370 Thread 0x00007fcd94006000 Uncommon trap: reason=bimorphic action=maybe_recompile pc=0x00007fcdd9d9f6ec method=org.jetbrains.kotlin.load.java.lazy.descriptors.LazyJavaStaticClassScope$computeMemberIndex$1.invoke(Lorg/jetbrains/kotlin/load/java/structure/JavaMember;)Z @ 7
Event: 9852.523 Thread 0x00007fcd94001800 Uncommon trap: reason=bimorphic action=maybe_recompile pc=0x00007fcddab6eb24 method=com.sun.org.apache.xerces.internal.parsers.AbstractSAXParser.characters(Lcom/sun/org/apache/xerces/internal/xni/XMLString;Lcom/sun/org/apache/xerces/internal/xni/Augmentat
Event: 9852.527 Thread 0x00007fcd94001800 Uncommon trap: reason=bimorphic action=maybe_recompile pc=0x00007fcddab6eb24 method=com.sun.org.apache.xerces.internal.parsers.AbstractSAXParser.characters(Lcom/sun/org/apache/xerces/internal/xni/XMLString;Lcom/sun/org/apache/xerces/internal/xni/Augmentat
Event: 9852.527 Thread 0x00007fcd94001800 Uncommon trap: reason=bimorphic action=maybe_recompile pc=0x00007fcddab6eb24 method=com.sun.org.apache.xerces.internal.parsers.AbstractSAXParser.characters(Lcom/sun/org/apache/xerces/internal/xni/XMLString;Lcom/sun/org/apache/xerces/internal/xni/Augmentat
Event: 9852.527 Thread 0x00007fcd94001800 Uncommon trap: reason=bimorphic action=maybe_recompile pc=0x00007fcddab6eb24 method=com.sun.org.apache.xerces.internal.parsers.AbstractSAXParser.characters(Lcom/sun/org/apache/xerces/internal/xni/XMLString;Lcom/sun/org/apache/xerces/internal/xni/Augmentat

Classes redefined (0 events):
No events

Internal exceptions (10 events):
Event: 8207.855 Thread 0x00007fcd94006000 Exception <a 'java/io/FileNotFoundException'> (0x00000000e0692548) thrown at [/usr/local/google/home/ralucas/source/AOSP-openjdk-git/jdk8u/hotspot/src/share/vm/prims/jni.cpp, line 709]
Event: 8207.855 Thread 0x00007fcd94006000 Exception <a 'java/io/FileNotFoundException'> (0x00000000e0693c20) thrown at [/usr/local/google/home/ralucas/source/AOSP-openjdk-git/jdk8u/hotspot/src/share/vm/prims/jni.cpp, line 709]
Event: 8308.691 Thread 0x00007fcd88049800 Exception <a 'java/lang/InterruptedException'> (0x00000000e5c67f78) thrown at [/usr/local/google/home/ralucas/source/AOSP-openjdk-git/jdk8u/hotspot/src/share/vm/runtime/objectMonitor.cpp, line 1684]
Event: 8468.500 Thread 0x00007fcd74003000 Exception <a 'java/lang/InterruptedException'> (0x00000000e6675ff8) thrown at [/usr/local/google/home/ralucas/source/AOSP-openjdk-git/jdk8u/hotspot/src/share/vm/runtime/objectMonitor.cpp, line 1684]
Event: 9851.922 Thread 0x00007fcd8803f800 Exception <a 'java/lang/InterruptedException'> (0x00000000e79582a8) thrown at [/usr/local/google/home/ralucas/source/AOSP-openjdk-git/jdk8u/hotspot/src/share/vm/runtime/objectMonitor.cpp, line 1684]
Event: 9852.230 Thread 0x00007fcd94001800 Exception <a 'java/io/FileNotFoundException'> (0x00000000e90168f0) thrown at [/usr/local/google/home/ralucas/source/AOSP-openjdk-git/jdk8u/hotspot/src/share/vm/prims/jni.cpp, line 709]
Event: 9852.232 Thread 0x00007fcd94001800 Exception <a 'sun/nio/fs/UnixException'> (0x00000000e9017e48) thrown at [/usr/local/google/home/ralucas/source/AOSP-openjdk-git/jdk8u/hotspot/src/share/vm/prims/jni.cpp, line 709]
Event: 9852.233 Thread 0x00007fcd94001800 Exception <a 'sun/nio/fs/UnixException'> (0x00000000e901c920) thrown at [/usr/local/google/home/ralucas/source/AOSP-openjdk-git/jdk8u/hotspot/src/share/vm/prims/jni.cpp, line 709]
Event: 9852.233 Thread 0x00007fcd94001800 Exception <a 'java/io/FileNotFoundException'> (0x00000000e901dea8) thrown at [/usr/local/google/home/ralucas/source/AOSP-openjdk-git/jdk8u/hotspot/src/share/vm/prims/jni.cpp, line 709]
Event: 9852.233 Thread 0x00007fcd94001800 Exception <a 'java/io/FileNotFoundException'> (0x00000000e901f580) thrown at [/usr/local/google/home/ralucas/source/AOSP-openjdk-git/jdk8u/hotspot/src/share/vm/prims/jni.cpp, line 709]

Events (10 events):
Event: 9852.560 loading class org/jetbrains/kotlin/android/synthetic/res/AndroidSyntheticPackageFragmentProvider done
Event: 9852.560 loading class org/jetbrains/kotlin/descriptors/PackageFragmentProvider
Event: 9852.560 loading class org/jetbrains/kotlin/descriptors/PackageFragmentProvider done
Event: 9852.561 Thread 0x00007fcd94001800 DEOPT PACKING pc=0x00007fcddacbcd2e sp=0x00007fcdd02f6320
Event: 9852.561 Thread 0x00007fcd94001800 DEOPT UNPACKING pc=0x00007fcdd90474c4 sp=0x00007fcdd02f6078 mode 0
Event: 9852.569 Thread 0x00007fcd94001800 DEOPT PACKING pc=0x00007fcdda5f2fce sp=0x00007fcdd02f6650
Event: 9852.569 Thread 0x00007fcd94001800 DEOPT UNPACKING pc=0x00007fcdd90474c4 sp=0x00007fcdd02f6428 mode 0
Event: 9852.680 loading class org/jetbrains/kotlin/descriptors/PackageFragmentDescriptor
Event: 9852.680 loading class org/jetbrains/kotlin/descriptors/PackageFragmentDescriptor done
Event: 9852.786 Executing VM operation: ParallelGCFailedAllocation


Dynamic libraries:
a0000000-a6480000 rw-p 00000000 00:00 0 
a6480000-e0000000 ---p 00000000 00:00 0 
e0000000-f9380000 rw-p 00000000 00:00 0 
fc480000-100000000 ---p 00000000 00:00 0 
100000000-100660000 rw-p 00000000 00:00 0 
100660000-140000000 ---p 00000000 00:00 0 
55c02c20d000-55c02c20e000 r-xp 00000000 08:02 2491149                    /home/wangrl/Android/android-studio/jre/jre/bin/java
55c02c40d000-55c02c40e000 r--p 00000000 08:02 2491149                    /home/wangrl/Android/android-studio/jre/jre/bin/java
55c02c40e000-55c02c40f000 rw-p 00001000 08:02 2491149                    /home/wangrl/Android/android-studio/jre/jre/bin/java
55c02e0fc000-55c02e11d000 rw-p 00000000 00:00 0                          [heap]
7fcd6c000000-7fcd6c20a000 rw-p 00000000 00:00 0 
7fcd6c20a000-7fcd70000000 ---p 00000000 00:00 0 
7fcd74000000-7fcd74021000 rw-p 00000000 00:00 0 
7fcd74021000-7fcd78000000 ---p 00000000 00:00 0 
7fcd78000000-7fcd7834a000 rw-p 00000000 00:00 0 
7fcd7834a000-7fcd7c000000 ---p 00000000 00:00 0 
7fcd7c000000-7fcd7c021000 rw-p 00000000 00:00 0 
7fcd7c021000-7fcd80000000 ---p 00000000 00:00 0 
7fcd80000000-7fcd812dd000 rw-p 00000000 00:00 0 
7fcd812dd000-7fcd84000000 ---p 00000000 00:00 0 
7fcd84000000-7fcd84021000 rw-p 00000000 00:00 0 
7fcd84021000-7fcd88000000 ---p 00000000 00:00 0 
7fcd88000000-7fcd88273000 rw-p 00000000 00:00 0 
7fcd88273000-7fcd8c000000 ---p 00000000 00:00 0 
7fcd8c000000-7fcd8c022000 rw-p 00000000 00:00 0 
7fcd8c022000-7fcd90000000 ---p 00000000 00:00 0 
7fcd90000000-7fcd90021000 rw-p 00000000 00:00 0 
7fcd90021000-7fcd94000000 ---p 00000000 00:00 0 
7fcd94000000-7fcd94021000 rw-p 00000000 00:00 0 
7fcd94021000-7fcd98000000 ---p 00000000 00:00 0 
7fcd98000000-7fcd98413000 rw-p 00000000 00:00 0 
7fcd98413000-7fcd9c000000 ---p 00000000 00:00 0 
7fcd9c000000-7fcd9c021000 rw-p 00000000 00:00 0 
7fcd9c021000-7fcda0000000 ---p 00000000 00:00 0 
7fcda0000000-7fcda0021000 rw-p 00000000 00:00 0 
7fcda0021000-7fcda4000000 ---p 00000000 00:00 0 
7fcda4000000-7fcda576b000 rw-p 00000000 00:00 0 
7fcda576b000-7fcda8000000 ---p 00000000 00:00 0 
7fcda8000000-7fcda8ce5000 rw-p 00000000 00:00 0 
7fcda8ce5000-7fcdac000000 ---p 00000000 00:00 0 
7fcdac000000-7fcdac021000 rw-p 00000000 00:00 0 
7fcdac021000-7fcdb0000000 ---p 00000000 00:00 0 
7fcdb0000000-7fcdb190e000 rw-p 00000000 00:00 0 
7fcdb190e000-7fcdb4000000 ---p 00000000 00:00 0 
7fcdb4000000-7fcdb4021000 rw-p 00000000 00:00 0 
7fcdb4021000-7fcdb8000000 ---p 00000000 00:00 0 
7fcdb8000000-7fcdb8021000 rw-p 00000000 00:00 0 
7fcdb8021000-7fcdbc000000 ---p 00000000 00:00 0 
7fcdbc000000-7fcdbc021000 rw-p 00000000 00:00 0 
7fcdbc021000-7fcdc0000000 ---p 00000000 00:00 0 
7fcdc0000000-7fcdc027e000 rw-p 00000000 00:00 0 
7fcdc027e000-7fcdc4000000 ---p 00000000 00:00 0 
7fcdc4000000-7fcdc4021000 rw-p 00000000 00:00 0 
7fcdc4021000-7fcdc8000000 ---p 00000000 00:00 0 
7fcdc94bb000-7fcdc967b000 rw-p 00000000 00:00 0 
7fcdc967b000-7fcdc96bb000 ---p 00000000 00:00 0 
7fcdc96bb000-7fcdc97dc000 r--s 02b7d000 08:02 3812200                    /home/wangrl/Android/Sdk/platforms/android-28/android.jar
7fcdc97dc000-7fcdc99dc000 rw-p 00000000 00:00 0 
7fcdc99dc000-7fcdc99df000 ---p 00000000 00:00 0 
7fcdc99df000-7fcdc9cdd000 rw-p 00000000 00:00 0 
7fcdc9cdd000-7fcdc9edd000 rw-p 00000000 00:00 0 
7fcdc9edd000-7fcdca0dd000 rw-p 00000000 00:00 0 
7fcdca0dd000-7fcdca2dd000 rw-p 00000000 00:00 0 
7fcdca2dd000-7fcdca4dd000 rw-p 00000000 00:00 0 
7fcdca4dd000-7fcdca6dd000 rw-p 00000000 00:00 0 
7fcdca6dd000-7fcdca8dd000 rw-p 00000000 00:00 0 
7fcdca8dd000-7fcdcaadd000 rw-p 00000000 00:00 0 
7fcdcaafd000-7fcdcab00000 ---p 00000000 00:00 0 
7fcdcab00000-7fcdcadfe000 rw-p 00000000 00:00 0 
7fcdcadfe000-7fcdcaffe000 rw-p 00000000 00:00 0 
7fcdcaffe000-7fcdcb1fe000 rw-p 00000000 00:00 0 
7fcdcb1fe000-7fcdcb3fe000 rw-p 00000000 00:00 0 
7fcdcb3fe000-7fcdcb5fe000 rw-p 00000000 00:00 0 
7fcdcb5fe000-7fcdcb7fe000 rw-p 00000000 00:00 0 
7fcdcb7fe000-7fcdcb9fe000 rw-p 00000000 00:00 0 
7fcdcb9fe000-7fcdcbbfe000 rw-p 00000000 00:00 0 
7fcdcbbfe000-7fcdcbc01000 ---p 00000000 00:00 0 
7fcdcbc01000-7fcdcbcff000 rw-p 00000000 00:00 0 
7fcdcbcff000-7fcdcbd02000 ---p 00000000 00:00 0 
7fcdcbd02000-7fcdcc000000 rw-p 00000000 00:00 0 
7fcdcc000000-7fcdcc021000 rw-p 00000000 00:00 0 
7fcdcc021000-7fcdd0000000 ---p 00000000 00:00 0 
7fcdd00f9000-7fcdd00fc000 ---p 00000000 00:00 0 
7fcdd00fc000-7fcdd01fa000 rw-p 00000000 00:00 0 
7fcdd01fa000-7fcdd01fd000 ---p 00000000 00:00 0 
7fcdd01fd000-7fcdd02fb000 rw-p 00000000 00:00 0 
7fcdd02fb000-7fcdd02fe000 ---p 00000000 00:00 0 
7fcdd02fe000-7fcdd03fc000 rw-p 00000000 00:00 0 
7fcdd03fc000-7fcdd03ff000 ---p 00000000 00:00 0 
7fcdd03ff000-7fcdd04fd000 rw-p 00000000 00:00 0 
7fcdd04fd000-7fcdd0500000 ---p 00000000 00:00 0 
7fcdd0500000-7fcdd05fe000 rw-p 00000000 00:00 0 
7fcdd05fe000-7fcdd0601000 ---p 00000000 00:00 0 
7fcdd0601000-7fcdd06ff000 rw-p 00000000 00:00 0 
7fcdd06ff000-7fcdd0702000 ---p 00000000 00:00 0 
7fcdd0702000-7fcdd0800000 rw-p 00000000 00:00 0 
7fcdd0800000-7fcdd0816000 r-xp 00000000 08:02 2491102                    /home/wangrl/Android/android-studio/jre/jre/lib/amd64/libnet.so
7fcdd0816000-7fcdd0a15000 ---p 00016000 08:02 2491102                    /home/wangrl/Android/android-studio/jre/jre/lib/amd64/libnet.so
7fcdd0a15000-7fcdd0a16000 r--p 00015000 08:02 2491102                    /home/wangrl/Android/android-studio/jre/jre/lib/amd64/libnet.so
7fcdd0a16000-7fcdd0a17000 rw-p 00016000 08:02 2491102                    /home/wangrl/Android/android-studio/jre/jre/lib/amd64/libnet.so
7fcdd0a17000-7fcdd0a28000 r-xp 00000000 08:02 2491093                    /home/wangrl/Android/android-studio/jre/jre/lib/amd64/libnio.so
7fcdd0a28000-7fcdd0c27000 ---p 00011000 08:02 2491093                    /home/wangrl/Android/android-studio/jre/jre/lib/amd64/libnio.so
7fcdd0c27000-7fcdd0c28000 r--p 00010000 08:02 2491093                    /home/wangrl/Android/android-studio/jre/jre/lib/amd64/libnio.so
7fcdd0c28000-7fcdd0c29000 rw-p 00011000 08:02 2491093                    /home/wangrl/Android/android-studio/jre/jre/lib/amd64/libnio.so
7fcdd0c29000-7fcdd0c32000 r-xp 00000000 08:02 2491069                    /home/wangrl/Android/android-studio/jre/jre/lib/amd64/libmanagement.so
7fcdd0c32000-7fcdd0e31000 ---p 00009000 08:02 2491069                    /home/wangrl/Android/android-studio/jre/jre/lib/amd64/libmanagement.so
7fcdd0e31000-7fcdd0e32000 r--p 00008000 08:02 2491069                    /home/wangrl/Android/android-studio/jre/jre/lib/amd64/libmanagement.so
7fcdd0e32000-7fcdd0e33000 rw-p 00009000 08:02 2491069                    /home/wangrl/Android/android-studio/jre/jre/lib/amd64/libmanagement.so
7fcdd0e33000-7fcdd1000000 r--s 019f5000 08:02 3418312                    /home/wangrl/.gradle/caches/modules-2/files-2.1/org.jetbrains.kotlin/kotlin-compiler-embeddable/1.2.71/a79f934bfbc1c7e16638da3474feab351735f1c0/kotlin-compiler-embeddable-1.2.71.jar
7fcdd1000000-7fcdd4000000 rw-p 00000000 00:00 0 
7fcdd4000000-7fcdd4021000 rw-p 00000000 00:00 0 
7fcdd4021000-7fcdd8000000 ---p 00000000 00:00 0 
7fcdd8027000-7fcdd8029000 r--s 00002000 08:02 3418508                    /home/wangrl/.gradle/caches/modules-2/files-2.1/android.arch.persistence.room/common/1.1.1/8094cc50760b9ac665a8ea76b51888f70042e2b5/common-1.1.1.jar
7fcdd8054000-7fcdd805b000 r--s 0004b000 08:02 3418303                    /home/wangrl/.gradle/caches/modules-2/files-2.1/org.jetbrains.kotlin/kotlin-android-extensions/1.2.71/bda3ee49317ef7a1e8058de61f91abe94c015538/kotlin-android-extensions-1.2.71.jar
7fcdd8098000-7fcdd8111000 r--s 010fd000 08:02 2491167                    /home/wangrl/Android/android-studio/jre/lib/tools.jar
7fcdd8111000-7fcdd812c000 r--s 00394000 08:02 2491126                    /home/wangrl/Android/android-studio/jre/jre/lib/ext/cldrdata.jar
7fcdd812c000-7fcdd812d000 ---p 00000000 00:00 0 
7fcdd812d000-7fcdd822d000 rw-p 00000000 00:00 0 
7fcdd822d000-7fcdd8230000 ---p 00000000 00:00 0 
7fcdd8230000-7fcdd832e000 rw-p 00000000 00:00 0 
7fcdd832e000-7fcdd832f000 ---p 00000000 00:00 0 
7fcdd832f000-7fcdd8332000 ---p 00000000 00:00 0 
7fcdd8332000-7fcdd842f000 rw-p 00000000 00:00 0 
7fcdd842f000-7fcdd8430000 ---p 00000000 00:00 0 
7fcdd8430000-7fcdd8433000 ---p 00000000 00:00 0 
7fcdd8433000-7fcdd8530000 rw-p 00000000 00:00 0 
7fcdd8530000-7fcdd8531000 ---p 00000000 00:00 0 
7fcdd8531000-7fcdd8534000 ---p 00000000 00:00 0 
7fcdd8534000-7fcdd8631000 rw-p 00000000 00:00 0 
7fcdd8631000-7fcdd9000000 r--p 00000000 08:02 4463302                    /usr/lib/locale/locale-archive
7fcdd9000000-7fcddae60000 rwxp 00000000 00:00 0 
7fcddae60000-7fcde8000000 ---p 00000000 00:00 0 
7fcde8000000-7fcde83cc000 rw-p 00000000 00:00 0 
7fcde83cc000-7fcdec000000 ---p 00000000 00:00 0 
7fcdec000000-7fcdec001000 r--s 00000000 08:02 3418223                    /home/wangrl/.gradle/caches/modules-2/files-2.1/org.jetbrains.kotlin/kotlin-stdlib-jdk7/1.2.71/4ce93f539e2133f172f1167291a911f83400a5d0/kotlin-stdlib-jdk7-1.2.71.jar
7fcdec001000-7fcdec003000 r--s 00019000 08:02 3424210                    /home/wangrl/.gradle/caches/modules-2/files-2.1/com.android.support.constraint/constraint-layout-solver/1.1.2/bfc967828daffc35ba01c9ee204d98b664930a0f/constraint-layout-solver-1.1.2.jar
7fcdec003000-7fcdec005000 r--s 00005000 08:02 3427502                    /home/wangrl/.gradle/caches/modules-2/files-2.1/com.android.support/support-annotations/28.0.0/ed73f5337a002d1fd24339d5fb08c2c9d9ca60d8/support-annotations-28.0.0.jar
7fcdec005000-7fcdec006000 r--s 00014000 08:02 3427013                    /home/wangrl/.gradle/caches/modules-2/files-2.1/com.squareup.okio/okio/1.14.0/102d7be47241d781ef95f1581d414b0943053130/okio-1.14.0.jar
7fcdec006000-7fcdec00b000 r--s 0009a000 08:02 2491122                    /home/wangrl/Android/android-studio/jre/jre/lib/jsse.jar
7fcdec00b000-7fcdec00d000 r--s 00003000 08:02 3418728                    /home/wangrl/.gradle/caches/modules-2/files-2.1/org.jetbrains/annotations/13.0/919f0dfe192fb4e063e7dacadee7f8bb9a2672a9/annotations-13.0.jar
7fcdec00d000-7fcdec013000 r--s 00016000 08:02 3418231                    /home/wangrl/.gradle/caches/modules-2/files-2.1/org.jetbrains.kotlin/kotlin-stdlib-common/1.2.71/ba18ca1aa0e40eb6f1865b324af2f4cbb691c1ec/kotlin-stdlib-common-1.2.71.jar
7fcdec013000-7fcdec023000 r--s 000db000 08:02 3418224                    /home/wangrl/.gradle/caches/modules-2/files-2.1/org.jetbrains.kotlin/kotlin-stdlib/1.2.71/d9717625bb3c731561251f8dd2c67a1011d6764c/kotlin-stdlib-1.2.71.jar
7fcdec023000-7fcdec059000 r--s 0024a000 08:02 3418305                    /home/wangrl/.gradle/caches/modules-2/files-2.1/org.jetbrains.kotlin/kotlin-reflect/1.2.71/7512db3b3182753bd2e48ce8d345abbadc40fe6b/kotlin-reflect-1.2.71.jar
7fcdec059000-7fcdec097000 rw-p 00000000 00:00 0 
7fcdec097000-7fcdec09a000 ---p 00000000 00:00 0 
7fcdec09a000-7fcdec198000 rw-p 00000000 00:00 0 
7fcdec198000-7fcdec19b000 ---p 00000000 00:00 0 
7fcdec19b000-7fcdec299000 rw-p 00000000 00:00 0 
7fcdec299000-7fcdec29c000 ---p 00000000 00:00 0 
7fcdec29c000-7fcdec39a000 rw-p 00000000 00:00 0 
7fcdec39a000-7fcdec39b000 ---p 00000000 00:00 0 
7fcdec39b000-7fcded45b000 rw-p 00000000 00:00 0 
7fcded45b000-7fcded62b000 r--s 03c54000 08:02 2491065                    /home/wangrl/Android/android-studio/jre/jre/lib/rt.jar
7fcded62b000-7fcdee1a1000 rw-p 00000000 00:00 0 
7fcdee1a1000-7fcdee1a2000 ---p 00000000 00:00 0 
7fcdee1a2000-7fcdee2a2000 rw-p 00000000 00:00 0 
7fcdee2a2000-7fcdee2a3000 ---p 00000000 00:00 0 
7fcdee2a3000-7fcdee3a3000 rw-p 00000000 00:00 0 
7fcdee3a3000-7fcdee3a4000 ---p 00000000 00:00 0 
7fcdee3a4000-7fcdee4a4000 rw-p 00000000 00:00 0 
7fcdee4a4000-7fcdee4a5000 ---p 00000000 00:00 0 
7fcdee4a5000-7fcdee5d8000 rw-p 00000000 00:00 0 
7fcdee5d8000-7fcdee7a5000 ---p 00000000 00:00 0 
7fcdee7a5000-7fcdee7d8000 rw-p 00000000 00:00 0 
7fcdee7d8000-7fcdee9a5000 ---p 00000000 00:00 0 
7fcdee9a5000-7fcdeea6f000 rw-p 00000000 00:00 0 
7fcdeea6f000-7fcdeeaa5000 ---p 00000000 00:00 0 
7fcdeeaa5000-7fcdeeb20000 rw-p 00000000 00:00 0 
7fcdeeb20000-7fcdeee66000 ---p 00000000 00:00 0 
7fcdeee66000-7fcdeee80000 r-xp 00000000 08:02 2491101                    /home/wangrl/Android/android-studio/jre/jre/lib/amd64/libzip.so
7fcdeee80000-7fcdef07f000 ---p 0001a000 08:02 2491101                    /home/wangrl/Android/android-studio/jre/jre/lib/amd64/libzip.so
7fcdef07f000-7fcdef080000 r--p 00019000 08:02 2491101                    /home/wangrl/Android/android-studio/jre/jre/lib/amd64/libzip.so
7fcdef080000-7fcdef081000 rw-p 0001a000 08:02 2491101                    /home/wangrl/Android/android-studio/jre/jre/lib/amd64/libzip.so
7fcdef081000-7fcdef08c000 r-xp 00000000 08:02 266984                     /lib/x86_64-linux-gnu/libnss_files-2.27.so
7fcdef08c000-7fcdef28b000 ---p 0000b000 08:02 266984                     /lib/x86_64-linux-gnu/libnss_files-2.27.so
7fcdef28b000-7fcdef28c000 r--p 0000a000 08:02 266984                     /lib/x86_64-linux-gnu/libnss_files-2.27.so
7fcdef28c000-7fcdef28d000 rw-p 0000b000 08:02 266984                     /lib/x86_64-linux-gnu/libnss_files-2.27.so
7fcdef28d000-7fcdef293000 rw-p 00000000 00:00 0 
7fcdef293000-7fcdef2aa000 r-xp 00000000 08:02 266978                     /lib/x86_64-linux-gnu/libnsl-2.27.so
7fcdef2aa000-7fcdef4a9000 ---p 00017000 08:02 266978                     /lib/x86_64-linux-gnu/libnsl-2.27.so
7fcdef4a9000-7fcdef4aa000 r--p 00016000 08:02 266978                     /lib/x86_64-linux-gnu/libnsl-2.27.so
7fcdef4aa000-7fcdef4ab000 rw-p 00017000 08:02 266978                     /lib/x86_64-linux-gnu/libnsl-2.27.so
7fcdef4ab000-7fcdef4ad000 rw-p 00000000 00:00 0 
7fcdef4ad000-7fcdef4b8000 r-xp 00000000 08:02 266995                     /lib/x86_64-linux-gnu/libnss_nis-2.27.so
7fcdef4b8000-7fcdef6b7000 ---p 0000b000 08:02 266995                     /lib/x86_64-linux-gnu/libnss_nis-2.27.so
7fcdef6b7000-7fcdef6b8000 r--p 0000a000 08:02 266995                     /lib/x86_64-linux-gnu/libnss_nis-2.27.so
7fcdef6b8000-7fcdef6b9000 rw-p 0000b000 08:02 266995                     /lib/x86_64-linux-gnu/libnss_nis-2.27.so
7fcdef6b9000-7fcdef6c1000 r-xp 00000000 08:02 266980                     /lib/x86_64-linux-gnu/libnss_compat-2.27.so
7fcdef6c1000-7fcdef8c1000 ---p 00008000 08:02 266980                     /lib/x86_64-linux-gnu/libnss_compat-2.27.so
7fcdef8c1000-7fcdef8c2000 r--p 00008000 08:02 266980                     /lib/x86_64-linux-gnu/libnss_compat-2.27.so
7fcdef8c2000-7fcdef8c3000 rw-p 00009000 08:02 266980                     /lib/x86_64-linux-gnu/libnss_compat-2.27.so
7fcdef8c3000-7fcdef8f0000 r-xp 00000000 08:02 2491100                    /home/wangrl/Android/android-studio/jre/jre/lib/amd64/libjava.so
7fcdef8f0000-7fcdefaef000 ---p 0002d000 08:02 2491100                    /home/wangrl/Android/android-studio/jre/jre/lib/amd64/libjava.so
7fcdefaef000-7fcdefaf0000 r--p 0002c000 08:02 2491100                    /home/wangrl/Android/android-studio/jre/jre/lib/amd64/libjava.so
7fcdefaf0000-7fcdefaf2000 rw-p 0002d000 08:02 2491100                    /home/wangrl/Android/android-studio/jre/jre/lib/amd64/libjava.so
7fcdefaf2000-7fcdefb03000 r-xp 00000000 08:02 2491082                    /home/wangrl/Android/android-studio/jre/jre/lib/amd64/libverify.so
7fcdefb03000-7fcdefd02000 ---p 00011000 08:02 2491082                    /home/wangrl/Android/android-studio/jre/jre/lib/amd64/libverify.so
7fcdefd02000-7fcdefd04000 r--p 00010000 08:02 2491082                    /home/wangrl/Android/android-studio/jre/jre/lib/amd64/libverify.so
7fcdefd04000-7fcdefd05000 rw-p 00012000 08:02 2491082                    /home/wangrl/Android/android-studio/jre/jre/lib/amd64/libverify.so
7fcdefd05000-7fcdefd0c000 r-xp 00000000 08:02 267035                     /lib/x86_64-linux-gnu/librt-2.27.so
7fcdefd0c000-7fcdeff0b000 ---p 00007000 08:02 267035                     /lib/x86_64-linux-gnu/librt-2.27.so
7fcdeff0b000-7fcdeff0c000 r--p 00006000 08:02 267035                     /lib/x86_64-linux-gnu/librt-2.27.so
7fcdeff0c000-7fcdeff0d000 rw-p 00007000 08:02 267035                     /lib/x86_64-linux-gnu/librt-2.27.so
7fcdeff0d000-7fcdf00aa000 r-xp 00000000 08:02 266957                     /lib/x86_64-linux-gnu/libm-2.27.so
7fcdf00aa000-7fcdf02a9000 ---p 0019d000 08:02 266957                     /lib/x86_64-linux-gnu/libm-2.27.so
7fcdf02a9000-7fcdf02aa000 r--p 0019c000 08:02 266957                     /lib/x86_64-linux-gnu/libm-2.27.so
7fcdf02aa000-7fcdf02ab000 rw-p 0019d000 08:02 266957                     /lib/x86_64-linux-gnu/libm-2.27.so
7fcdf02ab000-7fcdf0f17000 r-xp 00000000 08:02 2491075                    /home/wangrl/Android/android-studio/jre/jre/lib/amd64/server/libjvm.so
7fcdf0f17000-7fcdf1117000 ---p 00c6c000 08:02 2491075                    /home/wangrl/Android/android-studio/jre/jre/lib/amd64/server/libjvm.so
7fcdf1117000-7fcdf11ab000 r--p 00c6c000 08:02 2491075                    /home/wangrl/Android/android-studio/jre/jre/lib/amd64/server/libjvm.so
7fcdf11ab000-7fcdf11d3000 rw-p 00d00000 08:02 2491075                    /home/wangrl/Android/android-studio/jre/jre/lib/amd64/server/libjvm.so
7fcdf11d3000-7fcdf1204000 rw-p 00000000 00:00 0 
7fcdf1204000-7fcdf13eb000 r-xp 00000000 08:02 266894                     /lib/x86_64-linux-gnu/libc-2.27.so
7fcdf13eb000-7fcdf15eb000 ---p 001e7000 08:02 266894                     /lib/x86_64-linux-gnu/libc-2.27.so
7fcdf15eb000-7fcdf15ef000 r--p 001e7000 08:02 266894                     /lib/x86_64-linux-gnu/libc-2.27.so
7fcdf15ef000-7fcdf15f1000 rw-p 001eb000 08:02 266894                     /lib/x86_64-linux-gnu/libc-2.27.so
7fcdf15f1000-7fcdf15f5000 rw-p 00000000 00:00 0 
7fcdf15f5000-7fcdf15f8000 r-xp 00000000 08:02 266917                     /lib/x86_64-linux-gnu/libdl-2.27.so
7fcdf15f8000-7fcdf17f7000 ---p 00003000 08:02 266917                     /lib/x86_64-linux-gnu/libdl-2.27.so
7fcdf17f7000-7fcdf17f8000 r--p 00002000 08:02 266917                     /lib/x86_64-linux-gnu/libdl-2.27.so
7fcdf17f8000-7fcdf17f9000 rw-p 00003000 08:02 266917                     /lib/x86_64-linux-gnu/libdl-2.27.so
7fcdf17f9000-7fcdf180f000 r-xp 00000000 08:02 2491104                    /home/wangrl/Android/android-studio/jre/jre/lib/amd64/jli/libjli.so
7fcdf180f000-7fcdf1a0f000 ---p 00016000 08:02 2491104                    /home/wangrl/Android/android-studio/jre/jre/lib/amd64/jli/libjli.so
7fcdf1a0f000-7fcdf1a10000 r--p 00016000 08:02 2491104                    /home/wangrl/Android/android-studio/jre/jre/lib/amd64/jli/libjli.so
7fcdf1a10000-7fcdf1a11000 rw-p 00017000 08:02 2491104                    /home/wangrl/Android/android-studio/jre/jre/lib/amd64/jli/libjli.so
7fcdf1a11000-7fcdf1a2b000 r-xp 00000000 08:02 267027                     /lib/x86_64-linux-gnu/libpthread-2.27.so
7fcdf1a2b000-7fcdf1c2a000 ---p 0001a000 08:02 267027                     /lib/x86_64-linux-gnu/libpthread-2.27.so
7fcdf1c2a000-7fcdf1c2b000 r--p 00019000 08:02 267027                     /lib/x86_64-linux-gnu/libpthread-2.27.so
7fcdf1c2b000-7fcdf1c2c000 rw-p 0001a000 08:02 267027                     /lib/x86_64-linux-gnu/libpthread-2.27.so
7fcdf1c2c000-7fcdf1c30000 rw-p 00000000 00:00 0 
7fcdf1c30000-7fcdf1c57000 r-xp 00000000 08:02 266866                     /lib/x86_64-linux-gnu/ld-2.27.so
7fcdf1c58000-7fcdf1c5a000 r--s 00009000 08:02 3418308                    /home/wangrl/.gradle/caches/modules-2/files-2.1/org.jetbrains.kotlin/kotlin-script-runtime/1.2.71/d5439926359caa899f41e1915b19d6d23e49750b/kotlin-script-runtime-1.2.71.jar
7fcdf1c5a000-7fcdf1d3d000 rw-p 00000000 00:00 0 
7fcdf1d3d000-7fcdf1d3e000 ---p 00000000 00:00 0 
7fcdf1d3e000-7fcdf1d41000 ---p 00000000 00:00 0 
7fcdf1d41000-7fcdf1e40000 rw-p 00000000 00:00 0 
7fcdf1e40000-7fcdf1e41000 r--s 00000000 08:02 3426989                    /home/wangrl/.gradle/caches/modules-2/files-2.1/org.reactivestreams/reactive-streams/1.0.2/323964c36556eb0e6209f65c1cef72b53b461ab8/reactive-streams-1.0.2.jar
7fcdf1e41000-7fcdf1e4b000 r--s 00116000 08:02 2491133                    /home/wangrl/Android/android-studio/jre/jre/lib/ext/localedata.jar
7fcdf1e4b000-7fcdf1e53000 rw-s 00000000 08:02 6294114                    /tmp/hsperfdata_wangrl/8513
7fcdf1e53000-7fcdf1e54000 rw-p 00000000 00:00 0 
7fcdf1e54000-7fcdf1e55000 ---p 00000000 00:00 0 
7fcdf1e55000-7fcdf1e57000 rw-p 00000000 00:00 0 
7fcdf1e57000-7fcdf1e58000 r--p 00027000 08:02 266866                     /lib/x86_64-linux-gnu/ld-2.27.so
7fcdf1e58000-7fcdf1e59000 rw-p 00028000 08:02 266866                     /lib/x86_64-linux-gnu/ld-2.27.so
7fcdf1e59000-7fcdf1e5a000 rw-p 00000000 00:00 0 
7fffae593000-7fffae5b5000 rw-p 00000000 00:00 0                          [stack]
7fffae5c3000-7fffae5c6000 r--p 00000000 00:00 0                          [vvar]
7fffae5c6000-7fffae5c8000 r-xp 00000000 00:00 0                          [vdso]
ffffffffff600000-ffffffffff601000 r-xp 00000000 00:00 0                  [vsyscall]

VM Arguments:
jvm_args: -Djava.awt.headless=true -Djava.rmi.server.hostname=127.0.0.1 -Xmx1536m -Dkotlin.environment.keepalive 
java_command: org.jetbrains.kotlin.daemon.KotlinCompileDaemon --daemon-runFilesPath /home/wangrl/.local/share/kotlin/daemon --daemon-autoshutdownIdleSeconds=7200 --daemon-compilerClasspath /home/wangrl/.gradle/caches/modules-2/files-2.1/org.jetbrains.kotlin/kotlin-compiler-embeddable/1.2.71/a79f934bfbc1c7e16638da3474feab351735f1c0/kotlin-compiler-embeddable-1.2.71.jar:/home/wangrl/.gradle/caches/modules-2/files-2.1/org.jetbrains.kotlin/kotlin-reflect/1.2.71/7512db3b3182753bd2e48ce8d345abbadc40fe6b/kotlin-reflect-1.2.71.jar:/home/wangrl/.gradle/caches/modules-2/files-2.1/org.jetbrains.kotlin/kotlin-stdlib/1.2.71/d9717625bb3c731561251f8dd2c67a1011d6764c/kotlin-stdlib-1.2.71.jar:/home/wangrl/.gradle/caches/modules-2/files-2.1/org.jetbrains.kotlin/kotlin-script-runtime/1.2.71/d5439926359caa899f41e1915b19d6d23e49750b/kotlin-script-runtime-1.2.71.jar:/home/wangrl/.gradle/caches/modules-2/files-2.1/org.jetbrains.kotlin/kotlin-stdlib-common/1.2.71/ba18ca1aa0e40eb6f1865b324af2f4cbb691c1ec/kotlin-stdlib-common-1.2.71.jar:/home/wangrl/.gradle/caches/modules-2/files-2.1/org.jetbrains/annotations/13.0/919f0dfe192fb4e063e7dacadee7f8bb9a2672a9/annotations-13.0.jar:/home/wangrl/Android/android-studio/jre/lib/tools.jar
java_class_path (initial): /home/wangrl/.gradle/caches/modules-2/files-2.1/org.jetbrains.kotlin/kotlin-compiler-embeddable/1.2.71/a79f934bfbc1c7e16638da3474feab351735f1c0/kotlin-compiler-embeddable-1.2.71.jar:/home/wangrl/.gradle/caches/modules-2/files-2.1/org.jetbrains.kotlin/kotlin-reflect/1.2.71/7512db3b3182753bd2e48ce8d345abbadc40fe6b/kotlin-reflect-1.2.71.jar:/home/wangrl/.gradle/caches/modules-2/files-2.1/org.jetbrains.kotlin/kotlin-stdlib/1.2.71/d9717625bb3c731561251f8dd2c67a1011d6764c/kotlin-stdlib-1.2.71.jar:/home/wangrl/.gradle/caches/modules-2/files-2.1/org.jetbrains.kotlin/kotlin-script-runtime/1.2.71/d5439926359caa899f41e1915b19d6d23e49750b/kotlin-script-runtime-1.2.71.jar:/home/wangrl/.gradle/caches/modules-2/files-2.1/org.jetbrains.kotlin/kotlin-stdlib-common/1.2.71/ba18ca1aa0e40eb6f1865b324af2f4cbb691c1ec/kotlin-stdlib-common-1.2.71.jar:/home/wangrl/.gradle/caches/modules-2/files-2.1/org.jetbrains/annotations/13.0/919f0dfe192fb4e063e7dacadee7f8bb9a2672a9/annotations-13.0.jar:/home/wangrl/Android/android-studio/jre/lib/tools.jar
Launcher Type: SUN_STANDARD

Environment Variables:
JAVA_HOME=/home/wangrl/Documents/jdk-10.0.1
CLASSPATH=/home/wangrl/Android/android-studio/lib/bootstrap.jar:/home/wangrl/Android/android-studio/lib/extensions.jar:/home/wangrl/Android/android-studio/lib/util.jar:/home/wangrl/Android/android-studio/lib/jdom.jar:/home/wangrl/Android/android-studio/lib/log4j.jar:/home/wangrl/Android/android-studio/lib/trove4j.jar:/home/wangrl/Android/android-studio/lib/jna.jar:/home/wangrl/Android/android-studio/jre/lib/tools.jar
PATH=/home/wangrl/Android/Sdk/platform-tools:/home/wangrl/Documents/jdk-10.0.1/bin:/usr/local/sbin:/usr/local/bin:/usr/sbin:/usr/bin:/sbin:/bin:/usr/games:/usr/local/games:/snap/bin:/opt/gradle/gradle-4.9/bin
USERNAME=wangrl
SHELL=/bin/bash
DISPLAY=:0

Signal Handlers:
SIGSEGV: [libjvm.so+0xa71670], sa_mask[0]=11111111011111111101111111111110, sa_flags=SA_RESTART|SA_SIGINFO
SIGBUS: [libjvm.so+0xa71670], sa_mask[0]=11111111011111111101111111111110, sa_flags=SA_RESTART|SA_SIGINFO
SIGFPE: [libjvm.so+0x8b1780], sa_mask[0]=11111111011111111101111111111110, sa_flags=SA_RESTART|SA_SIGINFO
SIGPIPE: [libjvm.so+0x8b1780], sa_mask[0]=11111111011111111101111111111110, sa_flags=SA_RESTART|SA_SIGINFO
SIGXFSZ: [libjvm.so+0x8b1780], sa_mask[0]=11111111011111111101111111111110, sa_flags=SA_RESTART|SA_SIGINFO
SIGILL: [libjvm.so+0x8b1780], sa_mask[0]=11111111011111111101111111111110, sa_flags=SA_RESTART|SA_SIGINFO
SIGUSR1: SIG_DFL, sa_mask[0]=00000000000000000000000000000000, sa_flags=none
SIGUSR2: [libjvm.so+0x8b1650], sa_mask[0]=00100000000000000000000000000000, sa_flags=SA_RESTART|SA_SIGINFO
SIGHUP: [libjvm.so+0x8b1ab0], sa_mask[0]=11111111011111111101111111111110, sa_flags=SA_RESTART|SA_SIGINFO
SIGINT: [libjvm.so+0x8b1ab0], sa_mask[0]=11111111011111111101111111111110, sa_flags=SA_RESTART|SA_SIGINFO
SIGTERM: [libjvm.so+0x8b1ab0], sa_mask[0]=11111111011111111101111111111110, sa_flags=SA_RESTART|SA_SIGINFO
SIGQUIT: [libjvm.so+0x8b1ab0], sa_mask[0]=11111111011111111101111111111110, sa_flags=SA_RESTART|SA_SIGINFO


---------------  S Y S T E M  ---------------

OS:DISTRIB_ID=Ubuntu
DISTRIB_RELEASE=18.04
DISTRIB_CODENAME=bionic
DISTRIB_DESCRIPTION="Ubuntu 18.04.1 LTS"

uname:Linux 4.15.0-38-generic #41-Ubuntu SMP Wed Oct 10 10:59:38 UTC 2018 x86_64
libc:glibc 2.27 NPTL 2.27 
rlimit: STACK 8192k, CORE 0k, NPROC 14877, NOFILE 4096, AS infinity
load average:1.29 1.13 0.98

/proc/meminfo:
MemTotal:        3919604 kB
MemFree:          100496 kB
MemAvailable:      14672 kB
Buffers:            1880 kB
Cached:           142544 kB
SwapCached:          724 kB
Active:          2956060 kB
Inactive:         602496 kB
Active(anon):    2941760 kB
Inactive(anon):   588220 kB
Active(file):      14300 kB
Inactive(file):    14276 kB
Unevictable:          16 kB
Mlocked:              16 kB
SwapTotal:       2097148 kB
SwapFree:              0 kB
Dirty:               140 kB
Writeback:             0 kB
AnonPages:       3413776 kB
Mapped:            30076 kB
Shmem:            115300 kB
Slab:             105092 kB
SReclaimable:      46516 kB
SUnreclaim:        58576 kB
KernelStack:       15168 kB
PageTables:        60272 kB
NFS_Unstable:          0 kB
Bounce:                0 kB
WritebackTmp:          0 kB
CommitLimit:     4056948 kB
Committed_AS:   10095068 kB
VmallocTotal:   34359738367 kB
VmallocUsed:           0 kB
VmallocChunk:          0 kB
HardwareCorrupted:     0 kB
AnonHugePages:         0 kB
ShmemHugePages:        0 kB
ShmemPmdMapped:        0 kB
CmaTotal:              0 kB
CmaFree:               0 kB
HugePages_Total:       0
HugePages_Free:        0
HugePages_Rsvd:        0
HugePages_Surp:        0
Hugepagesize:       2048 kB
DirectMap4k:      191376 kB
DirectMap2M:     3883008 kB
DirectMap1G:           0 kB


CPU:total 4 (initial active 4) (2 cores per cpu, 2 threads per core) family 6 model 78 stepping 3, cmov, cx8, fxsr, mmx, sse, sse2, sse3, ssse3, sse4.1, sse4.2, popcnt, avx, avx2, aes, clmul, erms, 3dnowpref, lzcnt, ht, tsc, tscinvbit, bmi1, bmi2, adx

/proc/cpuinfo:
processor	: 0
vendor_id	: GenuineIntel
cpu family	: 6
model		: 78
model name	: Intel(R) Core(TM) i5-6200U CPU @ 2.30GHz
stepping	: 3
microcode	: 0xc6
cpu MHz		: 1500.001
cache size	: 3072 KB
physical id	: 0
siblings	: 4
core id		: 0
cpu cores	: 2
apicid		: 0
initial apicid	: 0
fpu		: yes
fpu_exception	: yes
cpuid level	: 22
wp		: yes
flags		: fpu vme de pse tsc msr pae mce cx8 apic sep mtrr pge mca cmov pat pse36 clflush dts acpi mmx fxsr sse sse2 ss ht tm pbe syscall nx pdpe1gb rdtscp lm constant_tsc art arch_perfmon pebs bts rep_good nopl xtopology nonstop_tsc cpuid aperfmperf tsc_known_freq pni pclmulqdq dtes64 monitor ds_cpl vmx est tm2 ssse3 sdbg fma cx16 xtpr pdcm pcid sse4_1 sse4_2 x2apic movbe popcnt tsc_deadline_timer aes xsave avx f16c rdrand lahf_lm abm 3dnowprefetch cpuid_fault epb invpcid_single pti ssbd ibrs ibpb stibp tpr_shadow vnmi flexpriority ept vpid fsgsbase tsc_adjust bmi1 avx2 smep bmi2 erms invpcid mpx rdseed adx smap clflushopt intel_pt xsaveopt xsavec xgetbv1 xsaves dtherm ida arat pln pts hwp hwp_notify hwp_act_window hwp_epp flush_l1d
bugs		: cpu_meltdown spectre_v1 spectre_v2 spec_store_bypass l1tf
bogomips	: 4800.00
clflush size	: 64
cache_alignment	: 64
address sizes	: 39 bits physical, 48 bits virtual
power management:

processor	: 1
vendor_id	: GenuineIntel
cpu family	: 6
model		: 78
model name	: Intel(R) Core(TM) i5-6200U CPU @ 2.30GHz
stepping	: 3
microcode	: 0xc6
cpu MHz		: 1500.020
cache size	: 3072 KB
physical id	: 0
siblings	: 4
core id		: 1
cpu cores	: 2
apicid		: 2
initial apicid	: 2
fpu		: yes
fpu_exception	: yes
cpuid level	: 22
wp		: yes
flags		: fpu vme de pse tsc msr pae mce cx8 apic sep mtrr pge mca cmov pat pse36 clflush dts acpi mmx fxsr sse sse2 ss ht tm pbe syscall nx pdpe1gb rdtscp lm constant_tsc art arch_perfmon pebs bts rep_good nopl xtopology nonstop_tsc cpuid aperfmperf tsc_known_freq pni pclmulqdq dtes64 monitor ds_cpl vmx est tm2 ssse3 sdbg fma cx16 xtpr pdcm pcid sse4_1 sse4_2 x2apic movbe popcnt tsc_deadline_timer aes xsave avx f16c rdrand lahf_lm abm 3dnowprefetch cpuid_fault epb invpcid_single pti ssbd ibrs ibpb stibp tpr_shadow vnmi flexpriority ept vpid fsgsbase tsc_adjust bmi1 avx2 smep bmi2 erms invpcid mpx rdseed adx smap clflushopt intel_pt xsaveopt xsavec xgetbv1 xsaves dtherm ida arat pln pts hwp hwp_notify hwp_act_window hwp_epp flush_l1d
bugs		: cpu_meltdown spectre_v1 spectre_v2 spec_store_bypass l1tf
bogomips	: 4800.00
clflush size	: 64
cache_alignment	: 64
address sizes	: 39 bits physical, 48 bits virtual
power management:

processor	: 2
vendor_id	: GenuineIntel
cpu family	: 6
model		: 78
model name	: Intel(R) Core(TM) i5-6200U CPU @ 2.30GHz
stepping	: 3
microcode	: 0xc6
cpu MHz		: 1499.998
cache size	: 3072 KB
physical id	: 0
siblings	: 4
core id		: 0
cpu cores	: 2
apicid		: 1
initial apicid	: 1
fpu		: yes
fpu_exception	: yes
cpuid level	: 22
wp		: yes
flags		: fpu vme de pse tsc msr pae mce cx8 apic sep mtrr pge mca cmov pat pse36 clflush dts acpi mmx fxsr sse sse2 ss ht tm pbe syscall nx pdpe1gb rdtscp lm constant_tsc art arch_perfmon pebs bts rep_good nopl xtopology nonstop_tsc cpuid aperfmperf tsc_known_freq pni pclmulqdq dtes64 monitor ds_cpl vmx est tm2 ssse3 sdbg fma cx16 xtpr pdcm pcid sse4_1 sse4_2 x2apic movbe popcnt tsc_deadline_timer aes xsave avx f16c rdrand lahf_lm abm 3dnowprefetch cpuid_fault epb invpcid_single pti ssbd ibrs ibpb stibp tpr_shadow vnmi flexpriority ept vpid fsgsbase tsc_adjust bmi1 avx2 smep bmi2 erms invpcid mpx rdseed adx smap clflushopt intel_pt xsaveopt xsavec xgetbv1 xsaves dtherm ida arat pln pts hwp hwp_notify hwp_act_window hwp_epp flush_l1d
bugs		: cpu_meltdown spectre_v1 spectre_v2 spec_store_bypass l1tf
bogomips	: 4800.00
clflush size	: 64
cache_alignment	: 64
address sizes	: 39 bits physical, 48 bits virtual
power management:

processor	: 3
vendor_id	: GenuineIntel
cpu family	: 6
model		: 78
model name	: Intel(R) Core(TM) i5-6200U CPU @ 2.30GHz
stepping	: 3
microcode	: 0xc6
cpu MHz		: 1500.036
cache size	: 3072 KB
physical id	: 0
siblings	: 4
core id		: 1
cpu cores	: 2
apicid		: 3
initial apicid	: 3
fpu		: yes
fpu_exception	: yes
cpuid level	: 22
wp		: yes
flags		: fpu vme de pse tsc msr pae mce cx8 apic sep mtrr pge mca cmov pat pse36 clflush dts acpi mmx fxsr sse sse2 ss ht tm pbe syscall nx pdpe1gb rdtscp lm constant_tsc art arch_perfmon pebs bts rep_good nopl xtopology nonstop_tsc cpuid aperfmperf tsc_known_freq pni pclmulqdq dtes64 monitor ds_cpl vmx est tm2 ssse3 sdbg fma cx16 xtpr pdcm pcid sse4_1 sse4_2 x2apic movbe popcnt tsc_deadline_timer aes xsave avx f16c rdrand lahf_lm abm 3dnowprefetch cpuid_fault epb invpcid_single pti ssbd ibrs ibpb stibp tpr_shadow vnmi flexpriority ept vpid fsgsbase tsc_adjust bmi1 avx2 smep bmi2 erms invpcid mpx rdseed adx smap clflushopt intel_pt xsaveopt xsavec xgetbv1 xsaves dtherm ida arat pln pts hwp hwp_notify hwp_act_window hwp_epp flush_l1d
bugs		: cpu_meltdown spectre_v1 spectre_v2 spec_store_bypass l1tf
bogomips	: 4800.00
clflush size	: 64
cache_alignment	: 64
address sizes	: 39 bits physical, 48 bits virtual
power management:



Memory: 4k page, physical 3919604k(107300k free), swap 2097148k(0k free)

vm_info: OpenJDK 64-Bit Server VM (25.152-b06) for linux-amd64 JRE (1.8.0_152-release-1136-b06), built by "builder" with gcc 7.3.0

time: Tue Oct 30 01:50:25 2018
elapsed time: 9852 seconds (0d 2h 44m 12s)

