The target system is: Android - 1 - i686
The host system is: Linux - 4.15.0-33-generic - x86_64
Determining if the C compiler works passed with the following output:
Change Dir: /home/wangrl/Android/app/Home/app/.externalNativeBuild/cmake/debug/x86/CMakeFiles/CMakeTmp

Run Build Command:"/home/wangrl/Android/Sdk/cmake/3.6.4111459/bin/ninja" "cmTC_47544"
[1/2] Building C object CMakeFiles/cmTC_47544.dir/testCCompiler.c.o
[2/2] Linking C executable cmTC_47544


Detecting C compiler ABI info compiled with the following output:
Change Dir: /home/wangrl/Android/app/Home/app/.externalNativeBuild/cmake/debug/x86/CMakeFiles/CMakeTmp

Run Build Command:"/home/wangrl/Android/Sdk/cmake/3.6.4111459/bin/ninja" "cmTC_b5fb0"
[1/2] Building C object CMakeFiles/cmTC_b5fb0.dir/CMakeCCompilerABI.c.o
[2/2] Linking C executable cmTC_b5fb0
Android (4691093 based on r316199) clang version 6.0.2 (https://android.googlesource.com/toolchain/clang 183abd29fc496f55536e7d904e0abae47888fc7f) (https://android.googlesource.com/toolchain/llvm 34361f192e41ed6e4e8f9aca80a4ea7e9856f327) (based on LLVM 6.0.2svn)
Target: i686-none-linux-android
Thread model: posix
InstalledDir: /home/wangrl/Android/Sdk/ndk-bundle/toolchains/llvm/prebuilt/linux-x86_64/bin
Found candidate GCC installation: /home/wangrl/Android/Sdk/ndk-bundle/toolchains/x86-4.9/prebuilt/linux-x86_64/lib/gcc/i686-linux-android/4.9.x
Selected GCC installation: /home/wangrl/Android/Sdk/ndk-bundle/toolchains/x86-4.9/prebuilt/linux-x86_64/lib/gcc/i686-linux-android/4.9.x
Candidate multilib: .;@m32
Selected multilib: .;@m32
 "/home/wangrl/Android/Sdk/ndk-bundle/toolchains/x86-4.9/prebuilt/linux-x86_64/lib/gcc/i686-linux-android/4.9.x/../../../../i686-linux-android/bin/ld" --sysroot=/home/wangrl/Android/Sdk/ndk-bundle/platforms/android-24/arch-x86 -pie --eh-frame-hdr -m elf_i386 -dynamic-linker /system/bin/linker -o cmTC_b5fb0 /home/wangrl/Android/Sdk/ndk-bundle/platforms/android-24/arch-x86/usr/lib/crtbegin_dynamic.o -L/home/wangrl/Android/Sdk/ndk-bundle/sources/cxx-stl/llvm-libc++/libs/x86 -L/home/wangrl/Android/Sdk/ndk-bundle/toolchains/llvm/prebuilt/linux-x86_64/lib64/clang/6.0.2/lib/linux/i386 -L/home/wangrl/Android/Sdk/ndk-bundle/toolchains/x86-4.9/prebuilt/linux-x86_64/lib/gcc/i686-linux-android/4.9.x -L/home/wangrl/Android/Sdk/ndk-bundle/toolchains/x86-4.9/prebuilt/linux-x86_64/lib/gcc/i686-linux-android/4.9.x/../../../../i686-linux-android/lib -L/home/wangrl/Android/Sdk/ndk-bundle/platforms/android-24/arch-x86/usr/lib --exclude-libs libgcc.a --exclude-libs libatomic.a --build-id --warn-shared-textrel --fatal-warnings --no-undefined -z noexecstack -z relro -z now --gc-sections -z nocopyreloc CMakeFiles/cmTC_b5fb0.dir/CMakeCCompilerABI.c.o -lgcc -ldl -lc -lgcc -ldl /home/wangrl/Android/Sdk/ndk-bundle/platforms/android-24/arch-x86/usr/lib/crtend_android.o


Parsed C implicit link information from above output:
  link line regex: [^( *|.*[/\])(i686-linux-android-ld|([^/\]+-)?ld|collect2)[^/\]*( |$)]
  ignore line: [Change Dir: /home/wangrl/Android/app/Home/app/.externalNativeBuild/cmake/debug/x86/CMakeFiles/CMakeTmp]
  ignore line: []
  ignore line: [Run Build Command:"/home/wangrl/Android/Sdk/cmake/3.6.4111459/bin/ninja" "cmTC_b5fb0"]
  ignore line: [[1/2] Building C object CMakeFiles/cmTC_b5fb0.dir/CMakeCCompilerABI.c.o]
  ignore line: [[2/2] Linking C executable cmTC_b5fb0]
  ignore line: [Android (4691093 based on r316199) clang version 6.0.2 (https://android.googlesource.com/toolchain/clang 183abd29fc496f55536e7d904e0abae47888fc7f) (https://android.googlesource.com/toolchain/llvm 34361f192e41ed6e4e8f9aca80a4ea7e9856f327) (based on LLVM 6.0.2svn)]
  ignore line: [Target: i686-none-linux-android]
  ignore line: [Thread model: posix]
  ignore line: [InstalledDir: /home/wangrl/Android/Sdk/ndk-bundle/toolchains/llvm/prebuilt/linux-x86_64/bin]
  ignore line: [Found candidate GCC installation: /home/wangrl/Android/Sdk/ndk-bundle/toolchains/x86-4.9/prebuilt/linux-x86_64/lib/gcc/i686-linux-android/4.9.x]
  ignore line: [Selected GCC installation: /home/wangrl/Android/Sdk/ndk-bundle/toolchains/x86-4.9/prebuilt/linux-x86_64/lib/gcc/i686-linux-android/4.9.x]
  ignore line: [Candidate multilib: .]
  ignore line: [@m32]
  ignore line: [Selected multilib: .]
  ignore line: [@m32]
  link line: [ "/home/wangrl/Android/Sdk/ndk-bundle/toolchains/x86-4.9/prebuilt/linux-x86_64/lib/gcc/i686-linux-android/4.9.x/../../../../i686-linux-android/bin/ld" --sysroot=/home/wangrl/Android/Sdk/ndk-bundle/platforms/android-24/arch-x86 -pie --eh-frame-hdr -m elf_i386 -dynamic-linker /system/bin/linker -o cmTC_b5fb0 /home/wangrl/Android/Sdk/ndk-bundle/platforms/android-24/arch-x86/usr/lib/crtbegin_dynamic.o -L/home/wangrl/Android/Sdk/ndk-bundle/sources/cxx-stl/llvm-libc++/libs/x86 -L/home/wangrl/Android/Sdk/ndk-bundle/toolchains/llvm/prebuilt/linux-x86_64/lib64/clang/6.0.2/lib/linux/i386 -L/home/wangrl/Android/Sdk/ndk-bundle/toolchains/x86-4.9/prebuilt/linux-x86_64/lib/gcc/i686-linux-android/4.9.x -L/home/wangrl/Android/Sdk/ndk-bundle/toolchains/x86-4.9/prebuilt/linux-x86_64/lib/gcc/i686-linux-android/4.9.x/../../../../i686-linux-android/lib -L/home/wangrl/Android/Sdk/ndk-bundle/platforms/android-24/arch-x86/usr/lib --exclude-libs libgcc.a --exclude-libs libatomic.a --build-id --warn-shared-textrel --fatal-warnings --no-undefined -z noexecstack -z relro -z now --gc-sections -z nocopyreloc CMakeFiles/cmTC_b5fb0.dir/CMakeCCompilerABI.c.o -lgcc -ldl -lc -lgcc -ldl /home/wangrl/Android/Sdk/ndk-bundle/platforms/android-24/arch-x86/usr/lib/crtend_android.o]
    arg [/home/wangrl/Android/Sdk/ndk-bundle/toolchains/x86-4.9/prebuilt/linux-x86_64/lib/gcc/i686-linux-android/4.9.x/../../../../i686-linux-android/bin/ld] ==> ignore
    arg [--sysroot=/home/wangrl/Android/Sdk/ndk-bundle/platforms/android-24/arch-x86] ==> ignore
    arg [-pie] ==> ignore
    arg [--eh-frame-hdr] ==> ignore
    arg [-m] ==> ignore
    arg [elf_i386] ==> ignore
    arg [-dynamic-linker] ==> ignore
    arg [/system/bin/linker] ==> ignore
    arg [-o] ==> ignore
    arg [cmTC_b5fb0] ==> ignore
    arg [/home/wangrl/Android/Sdk/ndk-bundle/platforms/android-24/arch-x86/usr/lib/crtbegin_dynamic.o] ==> ignore
    arg [-L/home/wangrl/Android/Sdk/ndk-bundle/sources/cxx-stl/llvm-libc++/libs/x86] ==> dir [/home/wangrl/Android/Sdk/ndk-bundle/sources/cxx-stl/llvm-libc++/libs/x86]
    arg [-L/home/wangrl/Android/Sdk/ndk-bundle/toolchains/llvm/prebuilt/linux-x86_64/lib64/clang/6.0.2/lib/linux/i386] ==> dir [/home/wangrl/Android/Sdk/ndk-bundle/toolchains/llvm/prebuilt/linux-x86_64/lib64/clang/6.0.2/lib/linux/i386]
    arg [-L/home/wangrl/Android/Sdk/ndk-bundle/toolchains/x86-4.9/prebuilt/linux-x86_64/lib/gcc/i686-linux-android/4.9.x] ==> dir [/home/wangrl/Android/Sdk/ndk-bundle/toolchains/x86-4.9/prebuilt/linux-x86_64/lib/gcc/i686-linux-android/4.9.x]
    arg [-L/home/wangrl/Android/Sdk/ndk-bundle/toolchains/x86-4.9/prebuilt/linux-x86_64/lib/gcc/i686-linux-android/4.9.x/../../../../i686-linux-android/lib] ==> dir [/home/wangrl/Android/Sdk/ndk-bundle/toolchains/x86-4.9/prebuilt/linux-x86_64/lib/gcc/i686-linux-android/4.9.x/../../../../i686-linux-android/lib]
    arg [-L/home/wangrl/Android/Sdk/ndk-bundle/platforms/android-24/arch-x86/usr/lib] ==> dir [/home/wangrl/Android/Sdk/ndk-bundle/platforms/android-24/arch-x86/usr/lib]
    arg [--exclude-libs] ==> ignore
    arg [libgcc.a] ==> ignore
    arg [--exclude-libs] ==> ignore
    arg [libatomic.a] ==> ignore
    arg [--build-id] ==> ignore
    arg [--warn-shared-textrel] ==> ignore
    arg [--fatal-warnings] ==> ignore
    arg [--no-undefined] ==> ignore
    arg [-znoexecstack] ==> ignore
    arg [-zrelro] ==> ignore
    arg [-znow] ==> ignore
    arg [--gc-sections] ==> ignore
    arg [-znocopyreloc] ==> ignore
    arg [CMakeFiles/cmTC_b5fb0.dir/CMakeCCompilerABI.c.o] ==> ignore
    arg [-lgcc] ==> lib [gcc]
    arg [-ldl] ==> lib [dl]
    arg [-lc] ==> lib [c]
    arg [-lgcc] ==> lib [gcc]
    arg [-ldl] ==> lib [dl]
    arg [/home/wangrl/Android/Sdk/ndk-bundle/platforms/android-24/arch-x86/usr/lib/crtend_android.o] ==> ignore
  remove lib [gcc]
  remove lib [gcc]
  collapse library dir [/home/wangrl/Android/Sdk/ndk-bundle/sources/cxx-stl/llvm-libc++/libs/x86] ==> [/home/wangrl/Android/Sdk/ndk-bundle/sources/cxx-stl/llvm-libc++/libs/x86]
  collapse library dir [/home/wangrl/Android/Sdk/ndk-bundle/toolchains/llvm/prebuilt/linux-x86_64/lib64/clang/6.0.2/lib/linux/i386] ==> [/home/wangrl/Android/Sdk/ndk-bundle/toolchains/llvm/prebuilt/linux-x86_64/lib64/clang/6.0.2/lib/linux/i386]
  collapse library dir [/home/wangrl/Android/Sdk/ndk-bundle/toolchains/x86-4.9/prebuilt/linux-x86_64/lib/gcc/i686-linux-android/4.9.x] ==> [/home/wangrl/Android/Sdk/ndk-bundle/toolchains/x86-4.9/prebuilt/linux-x86_64/lib/gcc/i686-linux-android/4.9.x]
  collapse library dir [/home/wangrl/Android/Sdk/ndk-bundle/toolchains/x86-4.9/prebuilt/linux-x86_64/lib/gcc/i686-linux-android/4.9.x/../../../../i686-linux-android/lib] ==> [/home/wangrl/Android/Sdk/ndk-bundle/toolchains/x86-4.9/prebuilt/linux-x86_64/i686-linux-android/lib]
  collapse library dir [/home/wangrl/Android/Sdk/ndk-bundle/platforms/android-24/arch-x86/usr/lib] ==> [/home/wangrl/Android/Sdk/ndk-bundle/platforms/android-24/arch-x86/usr/lib]
  implicit libs: [dl;c;dl]
  implicit dirs: [/home/wangrl/Android/Sdk/ndk-bundle/sources/cxx-stl/llvm-libc++/libs/x86;/home/wangrl/Android/Sdk/ndk-bundle/toolchains/llvm/prebuilt/linux-x86_64/lib64/clang/6.0.2/lib/linux/i386;/home/wangrl/Android/Sdk/ndk-bundle/toolchains/x86-4.9/prebuilt/linux-x86_64/lib/gcc/i686-linux-android/4.9.x;/home/wangrl/Android/Sdk/ndk-bundle/toolchains/x86-4.9/prebuilt/linux-x86_64/i686-linux-android/lib;/home/wangrl/Android/Sdk/ndk-bundle/platforms/android-24/arch-x86/usr/lib]
  implicit fwks: []




Detecting C [-std=c11] compiler features compiled with the following output:
Change Dir: /home/wangrl/Android/app/Home/app/.externalNativeBuild/cmake/debug/x86/CMakeFiles/CMakeTmp

Run Build Command:"/home/wangrl/Android/Sdk/cmake/3.6.4111459/bin/ninja" "cmTC_b9429"
[1/2] Building C object CMakeFiles/cmTC_b9429.dir/feature_tests.c.o
[2/2] Linking C executable cmTC_b9429


    Feature record: C_FEATURE:1c_function_prototypes
    Feature record: C_FEATURE:1c_restrict
    Feature record: C_FEATURE:1c_static_assert
    Feature record: C_FEATURE:1c_variadic_macros


Detecting C [-std=c99] compiler features compiled with the following output:
Change Dir: /home/wangrl/Android/app/Home/app/.externalNativeBuild/cmake/debug/x86/CMakeFiles/CMakeTmp

Run Build Command:"/home/wangrl/Android/Sdk/cmake/3.6.4111459/bin/ninja" "cmTC_2734c"
[1/2] Building C object CMakeFiles/cmTC_2734c.dir/feature_tests.c.o
[2/2] Linking C executable cmTC_2734c


    Feature record: C_FEATURE:1c_function_prototypes
    Feature record: C_FEATURE:1c_restrict
    Feature record: C_FEATURE:0c_static_assert
    Feature record: C_FEATURE:1c_variadic_macros


Detecting C [-std=c90] compiler features compiled with the following output:
Change Dir: /home/wangrl/Android/app/Home/app/.externalNativeBuild/cmake/debug/x86/CMakeFiles/CMakeTmp

Run Build Command:"/home/wangrl/Android/Sdk/cmake/3.6.4111459/bin/ninja" "cmTC_2b2dc"
[1/2] Building C object CMakeFiles/cmTC_2b2dc.dir/feature_tests.c.o
[2/2] Linking C executable cmTC_2b2dc


    Feature record: C_FEATURE:1c_function_prototypes
    Feature record: C_FEATURE:0c_restrict
    Feature record: C_FEATURE:0c_static_assert
    Feature record: C_FEATURE:0c_variadic_macros
Determining if the CXX compiler works passed with the following output:
Change Dir: /home/wangrl/Android/app/Home/app/.externalNativeBuild/cmake/debug/x86/CMakeFiles/CMakeTmp

Run Build Command:"/home/wangrl/Android/Sdk/cmake/3.6.4111459/bin/ninja" "cmTC_519b6"
[1/2] Building CXX object CMakeFiles/cmTC_519b6.dir/testCXXCompiler.cxx.o
[2/2] Linking CXX executable cmTC_519b6


Detecting CXX compiler ABI info compiled with the following output:
Change Dir: /home/wangrl/Android/app/Home/app/.externalNativeBuild/cmake/debug/x86/CMakeFiles/CMakeTmp

Run Build Command:"/home/wangrl/Android/Sdk/cmake/3.6.4111459/bin/ninja" "cmTC_66c50"
[1/2] Building CXX object CMakeFiles/cmTC_66c50.dir/CMakeCXXCompilerABI.cpp.o
[2/2] Linking CXX executable cmTC_66c50
Android (4691093 based on r316199) clang version 6.0.2 (https://android.googlesource.com/toolchain/clang 183abd29fc496f55536e7d904e0abae47888fc7f) (https://android.googlesource.com/toolchain/llvm 34361f192e41ed6e4e8f9aca80a4ea7e9856f327) (based on LLVM 6.0.2svn)
Target: i686-none-linux-android
Thread model: posix
InstalledDir: /home/wangrl/Android/Sdk/ndk-bundle/toolchains/llvm/prebuilt/linux-x86_64/bin
Found candidate GCC installation: /home/wangrl/Android/Sdk/ndk-bundle/toolchains/x86-4.9/prebuilt/linux-x86_64/lib/gcc/i686-linux-android/4.9.x
Selected GCC installation: /home/wangrl/Android/Sdk/ndk-bundle/toolchains/x86-4.9/prebuilt/linux-x86_64/lib/gcc/i686-linux-android/4.9.x
Candidate multilib: .;@m32
Selected multilib: .;@m32
 "/home/wangrl/Android/Sdk/ndk-bundle/toolchains/x86-4.9/prebuilt/linux-x86_64/lib/gcc/i686-linux-android/4.9.x/../../../../i686-linux-android/bin/ld" --sysroot=/home/wangrl/Android/Sdk/ndk-bundle/platforms/android-24/arch-x86 -pie --eh-frame-hdr -m elf_i386 -dynamic-linker /system/bin/linker -o cmTC_66c50 /home/wangrl/Android/Sdk/ndk-bundle/platforms/android-24/arch-x86/usr/lib/crtbegin_dynamic.o -L/home/wangrl/Android/Sdk/ndk-bundle/sources/cxx-stl/llvm-libc++/libs/x86 -L/home/wangrl/Android/Sdk/ndk-bundle/toolchains/llvm/prebuilt/linux-x86_64/lib64/clang/6.0.2/lib/linux/i386 -L/home/wangrl/Android/Sdk/ndk-bundle/toolchains/x86-4.9/prebuilt/linux-x86_64/lib/gcc/i686-linux-android/4.9.x -L/home/wangrl/Android/Sdk/ndk-bundle/toolchains/x86-4.9/prebuilt/linux-x86_64/lib/gcc/i686-linux-android/4.9.x/../../../../i686-linux-android/lib -L/home/wangrl/Android/Sdk/ndk-bundle/platforms/android-24/arch-x86/usr/lib --exclude-libs libgcc.a --exclude-libs libatomic.a --build-id --warn-shared-textrel --fatal-warnings --no-undefined -z noexecstack -z relro -z now --gc-sections -z nocopyreloc CMakeFiles/cmTC_66c50.dir/CMakeCXXCompilerABI.cpp.o -lm -lgcc -lgcc -ldl -lc -lgcc -lgcc -ldl /home/wangrl/Android/Sdk/ndk-bundle/platforms/android-24/arch-x86/usr/lib/crtend_android.o


Parsed CXX implicit link information from above output:
  link line regex: [^( *|.*[/\])(i686-linux-android-ld|([^/\]+-)?ld|collect2)[^/\]*( |$)]
  ignore line: [Change Dir: /home/wangrl/Android/app/Home/app/.externalNativeBuild/cmake/debug/x86/CMakeFiles/CMakeTmp]
  ignore line: []
  ignore line: [Run Build Command:"/home/wangrl/Android/Sdk/cmake/3.6.4111459/bin/ninja" "cmTC_66c50"]
  ignore line: [[1/2] Building CXX object CMakeFiles/cmTC_66c50.dir/CMakeCXXCompilerABI.cpp.o]
  ignore line: [[2/2] Linking CXX executable cmTC_66c50]
  ignore line: [Android (4691093 based on r316199) clang version 6.0.2 (https://android.googlesource.com/toolchain/clang 183abd29fc496f55536e7d904e0abae47888fc7f) (https://android.googlesource.com/toolchain/llvm 34361f192e41ed6e4e8f9aca80a4ea7e9856f327) (based on LLVM 6.0.2svn)]
  ignore line: [Target: i686-none-linux-android]
  ignore line: [Thread model: posix]
  ignore line: [InstalledDir: /home/wangrl/Android/Sdk/ndk-bundle/toolchains/llvm/prebuilt/linux-x86_64/bin]
  ignore line: [Found candidate GCC installation: /home/wangrl/Android/Sdk/ndk-bundle/toolchains/x86-4.9/prebuilt/linux-x86_64/lib/gcc/i686-linux-android/4.9.x]
  ignore line: [Selected GCC installation: /home/wangrl/Android/Sdk/ndk-bundle/toolchains/x86-4.9/prebuilt/linux-x86_64/lib/gcc/i686-linux-android/4.9.x]
  ignore line: [Candidate multilib: .]
  ignore line: [@m32]
  ignore line: [Selected multilib: .]
  ignore line: [@m32]
  link line: [ "/home/wangrl/Android/Sdk/ndk-bundle/toolchains/x86-4.9/prebuilt/linux-x86_64/lib/gcc/i686-linux-android/4.9.x/../../../../i686-linux-android/bin/ld" --sysroot=/home/wangrl/Android/Sdk/ndk-bundle/platforms/android-24/arch-x86 -pie --eh-frame-hdr -m elf_i386 -dynamic-linker /system/bin/linker -o cmTC_66c50 /home/wangrl/Android/Sdk/ndk-bundle/platforms/android-24/arch-x86/usr/lib/crtbegin_dynamic.o -L/home/wangrl/Android/Sdk/ndk-bundle/sources/cxx-stl/llvm-libc++/libs/x86 -L/home/wangrl/Android/Sdk/ndk-bundle/toolchains/llvm/prebuilt/linux-x86_64/lib64/clang/6.0.2/lib/linux/i386 -L/home/wangrl/Android/Sdk/ndk-bundle/toolchains/x86-4.9/prebuilt/linux-x86_64/lib/gcc/i686-linux-android/4.9.x -L/home/wangrl/Android/Sdk/ndk-bundle/toolchains/x86-4.9/prebuilt/linux-x86_64/lib/gcc/i686-linux-android/4.9.x/../../../../i686-linux-android/lib -L/home/wangrl/Android/Sdk/ndk-bundle/platforms/android-24/arch-x86/usr/lib --exclude-libs libgcc.a --exclude-libs libatomic.a --build-id --warn-shared-textrel --fatal-warnings --no-undefined -z noexecstack -z relro -z now --gc-sections -z nocopyreloc CMakeFiles/cmTC_66c50.dir/CMakeCXXCompilerABI.cpp.o -lm -lgcc -lgcc -ldl -lc -lgcc -lgcc -ldl /home/wangrl/Android/Sdk/ndk-bundle/platforms/android-24/arch-x86/usr/lib/crtend_android.o]
    arg [/home/wangrl/Android/Sdk/ndk-bundle/toolchains/x86-4.9/prebuilt/linux-x86_64/lib/gcc/i686-linux-android/4.9.x/../../../../i686-linux-android/bin/ld] ==> ignore
    arg [--sysroot=/home/wangrl/Android/Sdk/ndk-bundle/platforms/android-24/arch-x86] ==> ignore
    arg [-pie] ==> ignore
    arg [--eh-frame-hdr] ==> ignore
    arg [-m] ==> ignore
    arg [elf_i386] ==> ignore
    arg [-dynamic-linker] ==> ignore
    arg [/system/bin/linker] ==> ignore
    arg [-o] ==> ignore
    arg [cmTC_66c50] ==> ignore
    arg [/home/wangrl/Android/Sdk/ndk-bundle/platforms/android-24/arch-x86/usr/lib/crtbegin_dynamic.o] ==> ignore
    arg [-L/home/wangrl/Android/Sdk/ndk-bundle/sources/cxx-stl/llvm-libc++/libs/x86] ==> dir [/home/wangrl/Android/Sdk/ndk-bundle/sources/cxx-stl/llvm-libc++/libs/x86]
    arg [-L/home/wangrl/Android/Sdk/ndk-bundle/toolchains/llvm/prebuilt/linux-x86_64/lib64/clang/6.0.2/lib/linux/i386] ==> dir [/home/wangrl/Android/Sdk/ndk-bundle/toolchains/llvm/prebuilt/linux-x86_64/lib64/clang/6.0.2/lib/linux/i386]
    arg [-L/home/wangrl/Android/Sdk/ndk-bundle/toolchains/x86-4.9/prebuilt/linux-x86_64/lib/gcc/i686-linux-android/4.9.x] ==> dir [/home/wangrl/Android/Sdk/ndk-bundle/toolchains/x86-4.9/prebuilt/linux-x86_64/lib/gcc/i686-linux-android/4.9.x]
    arg [-L/home/wangrl/Android/Sdk/ndk-bundle/toolchains/x86-4.9/prebuilt/linux-x86_64/lib/gcc/i686-linux-android/4.9.x/../../../../i686-linux-android/lib] ==> dir [/home/wangrl/Android/Sdk/ndk-bundle/toolchains/x86-4.9/prebuilt/linux-x86_64/lib/gcc/i686-linux-android/4.9.x/../../../../i686-linux-android/lib]
    arg [-L/home/wangrl/Android/Sdk/ndk-bundle/platforms/android-24/arch-x86/usr/lib] ==> dir [/home/wangrl/Android/Sdk/ndk-bundle/platforms/android-24/arch-x86/usr/lib]
    arg [--exclude-libs] ==> ignore
    arg [libgcc.a] ==> ignore
    arg [--exclude-libs] ==> ignore
    arg [libatomic.a] ==> ignore
    arg [--build-id] ==> ignore
    arg [--warn-shared-textrel] ==> ignore
    arg [--fatal-warnings] ==> ignore
    arg [--no-undefined] ==> ignore
    arg [-znoexecstack] ==> ignore
    arg [-zrelro] ==> ignore
    arg [-znow] ==> ignore
    arg [--gc-sections] ==> ignore
    arg [-znocopyreloc] ==> ignore
    arg [CMakeFiles/cmTC_66c50.dir/CMakeCXXCompilerABI.cpp.o] ==> ignore
    arg [-lm] ==> lib [m]
    arg [-lgcc] ==> lib [gcc]
    arg [-lgcc] ==> lib [gcc]
    arg [-ldl] ==> lib [dl]
    arg [-lc] ==> lib [c]
    arg [-lgcc] ==> lib [gcc]
    arg [-lgcc] ==> lib [gcc]
    arg [-ldl] ==> lib [dl]
    arg [/home/wangrl/Android/Sdk/ndk-bundle/platforms/android-24/arch-x86/usr/lib/crtend_android.o] ==> ignore
  remove lib [gcc]
  remove lib [gcc]
  remove lib [gcc]
  remove lib [gcc]
  collapse library dir [/home/wangrl/Android/Sdk/ndk-bundle/sources/cxx-stl/llvm-libc++/libs/x86] ==> [/home/wangrl/Android/Sdk/ndk-bundle/sources/cxx-stl/llvm-libc++/libs/x86]
  collapse library dir [/home/wangrl/Android/Sdk/ndk-bundle/toolchains/llvm/prebuilt/linux-x86_64/lib64/clang/6.0.2/lib/linux/i386] ==> [/home/wangrl/Android/Sdk/ndk-bundle/toolchains/llvm/prebuilt/linux-x86_64/lib64/clang/6.0.2/lib/linux/i386]
  collapse library dir [/home/wangrl/Android/Sdk/ndk-bundle/toolchains/x86-4.9/prebuilt/linux-x86_64/lib/gcc/i686-linux-android/4.9.x] ==> [/home/wangrl/Android/Sdk/ndk-bundle/toolchains/x86-4.9/prebuilt/linux-x86_64/lib/gcc/i686-linux-android/4.9.x]
  collapse library dir [/home/wangrl/Android/Sdk/ndk-bundle/toolchains/x86-4.9/prebuilt/linux-x86_64/lib/gcc/i686-linux-android/4.9.x/../../../../i686-linux-android/lib] ==> [/home/wangrl/Android/Sdk/ndk-bundle/toolchains/x86-4.9/prebuilt/linux-x86_64/i686-linux-android/lib]
  collapse library dir [/home/wangrl/Android/Sdk/ndk-bundle/platforms/android-24/arch-x86/usr/lib] ==> [/home/wangrl/Android/Sdk/ndk-bundle/platforms/android-24/arch-x86/usr/lib]
  implicit libs: [m;dl;c;dl]
  implicit dirs: [/home/wangrl/Android/Sdk/ndk-bundle/sources/cxx-stl/llvm-libc++/libs/x86;/home/wangrl/Android/Sdk/ndk-bundle/toolchains/llvm/prebuilt/linux-x86_64/lib64/clang/6.0.2/lib/linux/i386;/home/wangrl/Android/Sdk/ndk-bundle/toolchains/x86-4.9/prebuilt/linux-x86_64/lib/gcc/i686-linux-android/4.9.x;/home/wangrl/Android/Sdk/ndk-bundle/toolchains/x86-4.9/prebuilt/linux-x86_64/i686-linux-android/lib;/home/wangrl/Android/Sdk/ndk-bundle/platforms/android-24/arch-x86/usr/lib]
  implicit fwks: []




Detecting CXX [-std=c++14] compiler features compiled with the following output:
Change Dir: /home/wangrl/Android/app/Home/app/.externalNativeBuild/cmake/debug/x86/CMakeFiles/CMakeTmp

Run Build Command:"/home/wangrl/Android/Sdk/cmake/3.6.4111459/bin/ninja" "cmTC_ebdeb"
[1/2] Building CXX object CMakeFiles/cmTC_ebdeb.dir/feature_tests.cxx.o
[2/2] Linking CXX executable cmTC_ebdeb


    Feature record: CXX_FEATURE:1cxx_aggregate_default_initializers
    Feature record: CXX_FEATURE:1cxx_alias_templates
    Feature record: CXX_FEATURE:1cxx_alignas
    Feature record: CXX_FEATURE:1cxx_alignof
    Feature record: CXX_FEATURE:1cxx_attributes
    Feature record: CXX_FEATURE:1cxx_attribute_deprecated
    Feature record: CXX_FEATURE:1cxx_auto_type
    Feature record: CXX_FEATURE:1cxx_binary_literals
    Feature record: CXX_FEATURE:1cxx_constexpr
    Feature record: CXX_FEATURE:1cxx_contextual_conversions
    Feature record: CXX_FEATURE:1cxx_decltype
    Feature record: CXX_FEATURE:1cxx_decltype_auto
    Feature record: CXX_FEATURE:1cxx_decltype_incomplete_return_types
    Feature record: CXX_FEATURE:1cxx_default_function_template_args
    Feature record: CXX_FEATURE:1cxx_defaulted_functions
    Feature record: CXX_FEATURE:1cxx_defaulted_move_initializers
    Feature record: CXX_FEATURE:1cxx_delegating_constructors
    Feature record: CXX_FEATURE:1cxx_deleted_functions
    Feature record: CXX_FEATURE:1cxx_digit_separators
    Feature record: CXX_FEATURE:1cxx_enum_forward_declarations
    Feature record: CXX_FEATURE:1cxx_explicit_conversions
    Feature record: CXX_FEATURE:1cxx_extended_friend_declarations
    Feature record: CXX_FEATURE:1cxx_extern_templates
    Feature record: CXX_FEATURE:1cxx_final
    Feature record: CXX_FEATURE:1cxx_func_identifier
    Feature record: CXX_FEATURE:1cxx_generalized_initializers
    Feature record: CXX_FEATURE:1cxx_generic_lambdas
    Feature record: CXX_FEATURE:1cxx_inheriting_constructors
    Feature record: CXX_FEATURE:1cxx_inline_namespaces
    Feature record: CXX_FEATURE:1cxx_lambdas
    Feature record: CXX_FEATURE:1cxx_lambda_init_captures
    Feature record: CXX_FEATURE:1cxx_local_type_template_args
    Feature record: CXX_FEATURE:1cxx_long_long_type
    Feature record: CXX_FEATURE:1cxx_noexcept
    Feature record: CXX_FEATURE:1cxx_nonstatic_member_init
    Feature record: CXX_FEATURE:1cxx_nullptr
    Feature record: CXX_FEATURE:1cxx_override
    Feature record: CXX_FEATURE:1cxx_range_for
    Feature record: CXX_FEATURE:1cxx_raw_string_literals
    Feature record: CXX_FEATURE:1cxx_reference_qualified_functions
    Feature record: CXX_FEATURE:1cxx_relaxed_constexpr
    Feature record: CXX_FEATURE:1cxx_return_type_deduction
    Feature record: CXX_FEATURE:1cxx_right_angle_brackets
    Feature record: CXX_FEATURE:1cxx_rvalue_references
    Feature record: CXX_FEATURE:1cxx_sizeof_member
    Feature record: CXX_FEATURE:1cxx_static_assert
    Feature record: CXX_FEATURE:1cxx_strong_enums
    Feature record: CXX_FEATURE:1cxx_template_template_parameters
    Feature record: CXX_FEATURE:1cxx_thread_local
    Feature record: CXX_FEATURE:1cxx_trailing_return_types
    Feature record: CXX_FEATURE:1cxx_unicode_literals
    Feature record: CXX_FEATURE:1cxx_uniform_initialization
    Feature record: CXX_FEATURE:1cxx_unrestricted_unions
    Feature record: CXX_FEATURE:1cxx_user_literals
    Feature record: CXX_FEATURE:1cxx_variable_templates
    Feature record: CXX_FEATURE:1cxx_variadic_macros
    Feature record: CXX_FEATURE:1cxx_variadic_templates


Detecting CXX [-std=c++11] compiler features compiled with the following output:
Change Dir: /home/wangrl/Android/app/Home/app/.externalNativeBuild/cmake/debug/x86/CMakeFiles/CMakeTmp

Run Build Command:"/home/wangrl/Android/Sdk/cmake/3.6.4111459/bin/ninja" "cmTC_7a734"
[1/2] Building CXX object CMakeFiles/cmTC_7a734.dir/feature_tests.cxx.o
[2/2] Linking CXX executable cmTC_7a734


    Feature record: CXX_FEATURE:0cxx_aggregate_default_initializers
    Feature record: CXX_FEATURE:1cxx_alias_templates
    Feature record: CXX_FEATURE:1cxx_alignas
    Feature record: CXX_FEATURE:1cxx_alignof
    Feature record: CXX_FEATURE:1cxx_attributes
    Feature record: CXX_FEATURE:0cxx_attribute_deprecated
    Feature record: CXX_FEATURE:1cxx_auto_type
    Feature record: CXX_FEATURE:0cxx_binary_literals
    Feature record: CXX_FEATURE:1cxx_constexpr
    Feature record: CXX_FEATURE:0cxx_contextual_conversions
    Feature record: CXX_FEATURE:1cxx_decltype
    Feature record: CXX_FEATURE:0cxx_decltype_auto
    Feature record: CXX_FEATURE:1cxx_decltype_incomplete_return_types
    Feature record: CXX_FEATURE:1cxx_default_function_template_args
    Feature record: CXX_FEATURE:1cxx_defaulted_functions
    Feature record: CXX_FEATURE:1cxx_defaulted_move_initializers
    Feature record: CXX_FEATURE:1cxx_delegating_constructors
    Feature record: CXX_FEATURE:1cxx_deleted_functions
    Feature record: CXX_FEATURE:0cxx_digit_separators
    Feature record: CXX_FEATURE:1cxx_enum_forward_declarations
    Feature record: CXX_FEATURE:1cxx_explicit_conversions
    Feature record: CXX_FEATURE:1cxx_extended_friend_declarations
    Feature record: CXX_FEATURE:1cxx_extern_templates
    Feature record: CXX_FEATURE:1cxx_final
    Feature record: CXX_FEATURE:1cxx_func_identifier
    Feature record: CXX_FEATURE:1cxx_generalized_initializers
    Feature record: CXX_FEATURE:0cxx_generic_lambdas
    Feature record: CXX_FEATURE:1cxx_inheriting_constructors
    Feature record: CXX_FEATURE:1cxx_inline_namespaces
    Feature record: CXX_FEATURE:1cxx_lambdas
    Feature record: CXX_FEATURE:0cxx_lambda_init_captures
    Feature record: CXX_FEATURE:1cxx_local_type_template_args
    Feature record: CXX_FEATURE:1cxx_long_long_type
    Feature record: CXX_FEATURE:1cxx_noexcept
    Feature record: CXX_FEATURE:1cxx_nonstatic_member_init
    Feature record: CXX_FEATURE:1cxx_nullptr
    Feature record: CXX_FEATURE:1cxx_override
    Feature record: CXX_FEATURE:1cxx_range_for
    Feature record: CXX_FEATURE:1cxx_raw_string_literals
    Feature record: CXX_FEATURE:1cxx_reference_qualified_functions
    Feature record: CXX_FEATURE:0cxx_relaxed_constexpr
    Feature record: CXX_FEATURE:0cxx_return_type_deduction
    Feature record: CXX_FEATURE:1cxx_right_angle_brackets
    Feature record: CXX_FEATURE:1cxx_rvalue_references
    Feature record: CXX_FEATURE:1cxx_sizeof_member
    Feature record: CXX_FEATURE:1cxx_static_assert
    Feature record: CXX_FEATURE:1cxx_strong_enums
    Feature record: CXX_FEATURE:1cxx_template_template_parameters
    Feature record: CXX_FEATURE:1cxx_thread_local
    Feature record: CXX_FEATURE:1cxx_trailing_return_types
    Feature record: CXX_FEATURE:1cxx_unicode_literals
    Feature record: CXX_FEATURE:1cxx_uniform_initialization
    Feature record: CXX_FEATURE:1cxx_unrestricted_unions
    Feature record: CXX_FEATURE:1cxx_user_literals
    Feature record: CXX_FEATURE:0cxx_variable_templates
    Feature record: CXX_FEATURE:1cxx_variadic_macros
    Feature record: CXX_FEATURE:1cxx_variadic_templates


Detecting CXX [-std=c++98] compiler features compiled with the following output:
Change Dir: /home/wangrl/Android/app/Home/app/.externalNativeBuild/cmake/debug/x86/CMakeFiles/CMakeTmp

Run Build Command:"/home/wangrl/Android/Sdk/cmake/3.6.4111459/bin/ninja" "cmTC_eca07"
[1/2] Building CXX object CMakeFiles/cmTC_eca07.dir/feature_tests.cxx.o
[2/2] Linking CXX executable cmTC_eca07


    Feature record: CXX_FEATURE:0cxx_aggregate_default_initializers
    Feature record: CXX_FEATURE:0cxx_alias_templates
    Feature record: CXX_FEATURE:0cxx_alignas
    Feature record: CXX_FEATURE:0cxx_alignof
    Feature record: CXX_FEATURE:0cxx_attributes
    Feature record: CXX_FEATURE:0cxx_attribute_deprecated
    Feature record: CXX_FEATURE:0cxx_auto_type
    Feature record: CXX_FEATURE:0cxx_binary_literals
    Feature record: CXX_FEATURE:0cxx_constexpr
    Feature record: CXX_FEATURE:0cxx_contextual_conversions
    Feature record: CXX_FEATURE:0cxx_decltype
    Feature record: CXX_FEATURE:0cxx_decltype_auto
    Feature record: CXX_FEATURE:0cxx_decltype_incomplete_return_types
    Feature record: CXX_FEATURE:0cxx_default_function_template_args
    Feature record: CXX_FEATURE:0cxx_defaulted_functions
    Feature record: CXX_FEATURE:0cxx_defaulted_move_initializers
    Feature record: CXX_FEATURE:0cxx_delegating_constructors
    Feature record: CXX_FEATURE:0cxx_deleted_functions
    Feature record: CXX_FEATURE:0cxx_digit_separators
    Feature record: CXX_FEATURE:0cxx_enum_forward_declarations
    Feature record: CXX_FEATURE:0cxx_explicit_conversions
    Feature record: CXX_FEATURE:0cxx_extended_friend_declarations
    Feature record: CXX_FEATURE:0cxx_extern_templates
    Feature record: CXX_FEATURE:0cxx_final
    Feature record: CXX_FEATURE:0cxx_func_identifier
    Feature record: CXX_FEATURE:0cxx_generalized_initializers
    Feature record: CXX_FEATURE:0cxx_generic_lambdas
    Feature record: CXX_FEATURE:0cxx_inheriting_constructors
    Feature record: CXX_FEATURE:0cxx_inline_namespaces
    Feature record: CXX_FEATURE:0cxx_lambdas
    Feature record: CXX_FEATURE:0cxx_lambda_init_captures
    Feature record: CXX_FEATURE:0cxx_local_type_template_args
    Feature record: CXX_FEATURE:0cxx_long_long_type
    Feature record: CXX_FEATURE:0cxx_noexcept
    Feature record: CXX_FEATURE:0cxx_nonstatic_member_init
    Feature record: CXX_FEATURE:0cxx_nullptr
    Feature record: CXX_FEATURE:0cxx_override
    Feature record: CXX_FEATURE:0cxx_range_for
    Feature record: CXX_FEATURE:0cxx_raw_string_literals
    Feature record: CXX_FEATURE:0cxx_reference_qualified_functions
    Feature record: CXX_FEATURE:0cxx_relaxed_constexpr
    Feature record: CXX_FEATURE:0cxx_return_type_deduction
    Feature record: CXX_FEATURE:0cxx_right_angle_brackets
    Feature record: CXX_FEATURE:0cxx_rvalue_references
    Feature record: CXX_FEATURE:0cxx_sizeof_member
    Feature record: CXX_FEATURE:0cxx_static_assert
    Feature record: CXX_FEATURE:0cxx_strong_enums
    Feature record: CXX_FEATURE:1cxx_template_template_parameters
    Feature record: CXX_FEATURE:0cxx_thread_local
    Feature record: CXX_FEATURE:0cxx_trailing_return_types
    Feature record: CXX_FEATURE:0cxx_unicode_literals
    Feature record: CXX_FEATURE:0cxx_uniform_initialization
    Feature record: CXX_FEATURE:0cxx_unrestricted_unions
    Feature record: CXX_FEATURE:0cxx_user_literals
    Feature record: CXX_FEATURE:0cxx_variable_templates
    Feature record: CXX_FEATURE:0cxx_variadic_macros
    Feature record: CXX_FEATURE:0cxx_variadic_templates
